{"meta": {"format": 3, "version": "7.13.2", "timestamp": "2026-09-06T17:44:06.537102", "branch_coverage": true, "show_contexts": false}, "files": {"src\\crapkit\\analyze.py": {"executed_lines": [6, 8, 9, 10, 11, 12, 13, 14, 15, 17, 19, 20, 22, 23, 24, 25, 26, 28, 29, 30, 31, 32, 45, 46, 47, 49, 54, 88, 91, 105, 114, 116, 117, 118, 119, 123, 126, 129, 130, 131, 132, 134, 136, 137, 138, 140, 141, 142, 144, 147, 155, 156, 157, 163, 164, 173, 176, 177, 179, 189, 192, 193, 195, 198, 199, 200, 201, 219, 222, 231, 232, 233, 234, 236, 237, 240, 257, 258, 259, 265, 271, 274, 275, 276, 277, 278, 309, 310, 312, 313, 318, 330, 333, 334, 337, 350, 356, 359, 362, 363, 364, 365, 366, 371, 389, 390, 393, 394, 395, 398, 400, 401, 402, 405, 406, 407, 408, 409, 410, 411, 412, 413, 416, 417, 418, 419, 422, 430, 431, 432, 433, 434, 435, 436, 439, 445, 447, 448, 449, 450, 451, 452, 455, 463, 465, 466, 467, 468, 471, 480, 481, 482, 483, 484, 485, 488, 493, 496, 497, 500, 507, 508, 509, 510, 511, 512, 515, 516, 517, 518, 522, 523, 524, 525, 529, 530, 531, 539, 540, 541, 544, 547, 549, 552, 553, 557, 569, 570, 571, 572, 573, 574, 575, 576, 577, 580, 585, 586, 587, 590, 595, 598, 602, 603, 604, 607, 611, 614, 625, 639, 654, 655, 660, 661, 662, 666, 667, 668, 671, 674, 675, 676, 677, 678, 679, 680, 681, 682, 684, 686, 687, 688], "summary": {"covered_lines": 232, "num_statements": 282, "percent_covered": 78.85714285714286, "percent_covered_display": "79", "missing_lines": 50, "excluded_lines": 0, "percent_statements_covered": 82.26950354609929, "percent_statements_covered_display": "82", "num_branches": 68, "num_partial_branches": 12, "covered_branches": 44, "missing_branches": 24, "percent_branches_covered": 64.70588235294117, "percent_branches_covered_display": "65"}, "missing_lines": [98, 99, 100, 101, 102, 120, 121, 122, 178, 194, 235, 260, 266, 267, 268, 311, 314, 315, 351, 367, 368, 379, 380, 381, 382, 383, 384, 385, 386, 446, 464, 532, 533, 534, 535, 536, 542, 543, 554, 619, 620, 621, 622, 633, 634, 635, 636, 656, 657, 658], "excluded_lines": [], "executed_branches": [[118, -116], [118, 119], [119, 123], [177, 179], [193, 195], [233, 234], [233, 237], [234, 236], [258, 259], [275, 276], [275, 278], [310, 312], [350, 356], [406, 407], [406, 408], [409, 410], [409, 411], [411, 412], [411, 413], [417, 418], [417, 419], [430, 431], [430, 432], [433, 434], [433, 436], [445, 447], [463, 465], [482, 483], [482, 485], [516, 517], [516, 518], [523, 524], [523, 525], [530, 531], [553, -552], [572, 573], [572, 577], [602, 603], [602, 604], [655, 660], [660, 661], [660, 666], [666, 667], [666, 668]], "missing_branches": [[98, 99], [98, 100], [100, 101], [100, 102], [119, 120], [177, 178], [193, 194], [234, 235], [258, 260], [266, 267], [266, 268], [310, 311], [350, 351], [445, 446], [463, 464], [530, 532], [553, 554], [620, 621], [620, 622], [634, 635], [634, 636], [655, 656], [657, 658], [657, 666]], "functions": {"_switch_delta": {"executed_lines": [], "summary": {"covered_lines": 0, "num_statements": 5, "percent_covered": 0.0, "percent_covered_display": "0", "missing_lines": 5, "excluded_lines": 0, "percent_statements_covered": 0.0, "percent_statements_covered_display": "0", "num_branches": 4, "num_partial_branches": 0, "covered_branches": 0, "missing_branches": 4, "percent_branches_covered": 0.0, "percent_branches_covered_display": "0"}, "missing_lines": [98, 99, 100, 101, 102], "excluded_lines": [], "start_line": 91, "executed_branches": [], "missing_branches": [[98, 99], [98, 100], [100, 101], [100, 102]]}, "_ModifiedDelta.__call__": {"executed_lines": [117, 118, 119, 123], "summary": {"covered_lines": 4, "num_statements": 7, "percent_covered": 63.63636363636363, "percent_covered_display": "64", "missing_lines": 3, "excluded_lines": 0, "percent_statements_covered": 57.142857142857146, "percent_statements_covered_display": "57", "num_branches": 4, "num_partial_branches": 1, "covered_branches": 3, "missing_branches": 1, "percent_branches_covered": 75.0, "percent_branches_covered_display": "75"}, "missing_lines": [120, 121, 122], "excluded_lines": [], "start_line": 116, "executed_branches": [[118, -116], [118, 119], [119, 123]], "missing_branches": [[119, 120]]}, "_CreationOrder.__call__": {"executed_lines": [130, 131, 132, 134, 140, 141, 142, 144], "summary": {"covered_lines": 8, "num_statements": 8, "percent_covered": 100.0, "percent_covered_display": "100", "missing_lines": 0, "excluded_lines": 0, "percent_statements_covered": 100.0, "percent_statements_covered_display": "100", "num_branches": 0, "num_partial_branches": 0, "covered_branches": 0, "missing_branches": 0, "percent_branches_covered": 100.0, "percent_branches_covered_display": "100"}, "missing_lines": [], "excluded_lines": [], "start_line": 129, "executed_branches": [], "missing_branches": []}, "_CreationOrder.__call__.create": {"executed_lines": [136, 137, 138], "summary": {"covered_lines": 3, "num_statements": 3, "percent_covered": 100.0, "percent_covered_display": "100", "missing_lines": 0, "excluded_lines": 0, "percent_statements_covered": 100.0, "percent_statements_covered_display": "100", "num_branches": 0, "num_partial_branches": 0, "covered_branches": 0, "missing_branches": 0, "percent_branches_covered": 100.0, "percent_branches_covered_display": "100"}, "missing_lines": [], "excluded_lines": [], "start_line": 134, "executed_branches": [], "missing_branches": []}, "_chain": {"executed_lines": [155, 156, 157], "summary": {"covered_lines": 3, "num_statements": 3, "percent_covered": 100.0, "percent_covered_display": "100", "missing_lines": 0, "excluded_lines": 0, "percent_statements_covered": 100.0, "percent_statements_covered_display": "100", "num_branches": 0, "num_partial_branches": 0, "covered_branches": 0, "missing_branches": 0, "percent_branches_covered": 100.0, "percent_branches_covered_display": "100"}, "missing_lines": [], "excluded_lines": [], "start_line": 147, "executed_branches": [], "missing_branches": []}, "_extensions_for": {"executed_lines": [177, 179], "summary": {"covered_lines": 2, "num_statements": 3, "percent_covered": 60.0, "percent_covered_display": "60", "missing_lines": 1, "excluded_lines": 0, "percent_statements_covered": 66.66666666666667, "percent_statements_covered_display": "67", "num_branches": 2, "num_partial_branches": 1, "covered_branches": 1, "missing_branches": 1, "percent_branches_covered": 50.0, "percent_branches_covered_display": "50"}, "missing_lines": [178], "excluded_lines": [], "start_line": 176, "executed_branches": [[177, 179]], "missing_branches": [[177, 178]]}, "_nesting_depth": {"executed_lines": [193, 195], "summary": {"covered_lines": 2, "num_statements": 3, "percent_covered": 60.0, "percent_covered_display": "60", "missing_lines": 1, "excluded_lines": 0, "percent_statements_covered": 66.66666666666667, "percent_statements_covered_display": "67", "num_branches": 2, "num_partial_branches": 1, "covered_branches": 1, "missing_branches": 1, "percent_branches_covered": 50.0, "percent_branches_covered_display": "50"}, "missing_lines": [194], "excluded_lines": [], "start_line": 192, "executed_branches": [[193, 195]], "missing_branches": [[193, 194]]}, "_record": {"executed_lines": [199, 200, 201], "summary": {"covered_lines": 3, "num_statements": 3, "percent_covered": 100.0, "percent_covered_display": "100", "missing_lines": 0, "excluded_lines": 0, "percent_statements_covered": 100.0, "percent_statements_covered_display": "100", "num_branches": 0, "num_partial_branches": 0, "covered_branches": 0, "missing_branches": 0, "percent_branches_covered": 100.0, "percent_branches_covered_display": "100"}, "missing_lines": [], "excluded_lines": [], "start_line": 198, "executed_branches": [], "missing_branches": []}, "_colliding_names": {"executed_lines": [231, 232, 233, 234, 236, 237], "summary": {"covered_lines": 6, "num_statements": 7, "percent_covered": 81.81818181818181, "percent_covered_display": "82", "missing_lines": 1, "excluded_lines": 0, "percent_statements_covered": 85.71428571428571, "percent_statements_covered_display": "86", "num_branches": 4, "num_partial_branches": 1, "covered_branches": 3, "missing_branches": 1, "percent_branches_covered": 75.0, "percent_branches_covered_display": "75"}, "missing_lines": [235], "excluded_lines": [], "start_line": 222, "executed_branches": [[233, 234], [233, 237], [234, 236]], "missing_branches": [[234, 235]]}, "_note_twin_keys": {"executed_lines": [257, 258, 259], "summary": {"covered_lines": 3, "num_statements": 4, "percent_covered": 66.66666666666667, "percent_covered_display": "67", "missing_lines": 1, "excluded_lines": 0, "percent_statements_covered": 75.0, "percent_statements_covered_display": "75", "num_branches": 2, "num_partial_branches": 1, "covered_branches": 1, "missing_branches": 1, "percent_branches_covered": 50.0, "percent_branches_covered_display": "50"}, "missing_lines": [260], "excluded_lines": [], "start_line": 240, "executed_branches": [[258, 259]], "missing_branches": [[258, 260]]}, "_listed": {"executed_lines": [], "summary": {"covered_lines": 0, "num_statements": 3, "percent_covered": 0.0, "percent_covered_display": "0", "missing_lines": 3, "excluded_lines": 0, "percent_statements_covered": 0.0, "percent_statements_covered_display": "0", "num_branches": 2, "num_partial_branches": 0, "covered_branches": 0, "missing_branches": 2, "percent_branches_covered": 0.0, "percent_branches_covered_display": "0"}, "missing_lines": [266, 267, 268], "excluded_lines": [], "start_line": 265, "executed_branches": [], "missing_branches": [[266, 267], [266, 268]]}, "_file_records": {"executed_lines": [274, 275, 276, 277, 278], "summary": {"covered_lines": 5, "num_statements": 5, "percent_covered": 100.0, "percent_covered_display": "100", "missing_lines": 0, "excluded_lines": 0, "percent_statements_covered": 100.0, "percent_statements_covered_display": "100", "num_branches": 2, "num_partial_branches": 0, "covered_branches": 2, "missing_branches": 0, "percent_branches_covered": 100.0, "percent_branches_covered_display": "100"}, "missing_lines": [], "excluded_lines": [], "start_line": 271, "executed_branches": [[275, 276], [275, 278]], "missing_branches": []}, "_characters": {"executed_lines": [310, 312, 313], "summary": {"covered_lines": 3, "num_statements": 6, "percent_covered": 50.0, "percent_covered_display": "50", "missing_lines": 3, "excluded_lines": 0, "percent_statements_covered": 50.0, "percent_statements_covered_display": "50", "num_branches": 2, "num_partial_branches": 1, "covered_branches": 1, "missing_branches": 1, "percent_branches_covered": 50.0, "percent_branches_covered_display": "50"}, "missing_lines": [311, 314, 315], "excluded_lines": [], "start_line": 309, "executed_branches": [[310, 312]], "missing_branches": [[310, 311]]}, "decode_source": {"executed_lines": [330], "summary": {"covered_lines": 1, "num_statements": 1, "percent_covered": 100.0, "percent_covered_display": "100", "missing_lines": 0, "excluded_lines": 0, "percent_statements_covered": 100.0, "percent_statements_covered_display": "100", "num_branches": 0, "num_partial_branches": 0, "covered_branches": 0, "missing_branches": 0, "percent_branches_covered": 100.0, "percent_branches_covered_display": "100"}, "missing_lines": [], "excluded_lines": [], "start_line": 318, "executed_branches": [], "missing_branches": []}, "read_source": {"executed_lines": [334], "summary": {"covered_lines": 1, "num_statements": 1, "percent_covered": 100.0, "percent_covered_display": "100", "missing_lines": 0, "excluded_lines": 0, "percent_statements_covered": 100.0, "percent_statements_covered_display": "100", "num_branches": 0, "num_partial_branches": 0, "covered_branches": 0, "missing_branches": 0, "percent_branches_covered": 100.0, "percent_branches_covered_display": "100"}, "missing_lines": [], "excluded_lines": [], "start_line": 333, "executed_branches": [], "missing_branches": []}, "_install_decoder": {"executed_lines": [350, 356], "summary": {"covered_lines": 2, "num_statements": 3, "percent_covered": 60.0, "percent_covered_display": "60", "missing_lines": 1, "excluded_lines": 0, "percent_statements_covered": 66.66666666666667, "percent_statements_covered_display": "67", "num_branches": 2, "num_partial_branches": 1, "covered_branches": 1, "missing_branches": 1, "percent_branches_covered": 50.0, "percent_branches_covered_display": "50"}, "missing_lines": [351], "excluded_lines": [], "start_line": 337, "executed_branches": [[350, 356]], "missing_branches": [[350, 351]]}, "analyze_one": {"executed_lines": [363, 364, 365, 366], "summary": {"covered_lines": 4, "num_statements": 6, "percent_covered": 66.66666666666667, "percent_covered_display": "67", "missing_lines": 2, "excluded_lines": 0, "percent_statements_covered": 66.66666666666667, "percent_statements_covered_display": "67", "num_branches": 0, "num_partial_branches": 0, "covered_branches": 0, "missing_branches": 0, "percent_branches_covered": 100.0, "percent_branches_covered_display": "100"}, "missing_lines": [367, 368], "excluded_lines": [], "start_line": 362, "executed_branches": [], "missing_branches": []}, "analyze_source": {"executed_lines": [], "summary": {"covered_lines": 0, "num_statements": 8, "percent_covered": 0.0, "percent_covered_display": "0", "missing_lines": 8, "excluded_lines": 0, "percent_statements_covered": 0.0, "percent_statements_covered_display": "0", "num_branches": 0, "num_partial_branches": 0, "covered_branches": 0, "missing_branches": 0, "percent_branches_covered": 100.0, "percent_branches_covered_display": "100"}, "missing_lines": [379, 380, 381, 382, 383, 384, 385, 386], "excluded_lines": [], "start_line": 371, "executed_branches": [], "missing_branches": []}, "content_hash": {"executed_lines": [390], "summary": {"covered_lines": 1, "num_statements": 1, "percent_covered": 100.0, "percent_covered_display": "100", "missing_lines": 0, "excluded_lines": 0, "percent_statements_covered": 100.0, "percent_statements_covered_display": "100", "num_branches": 0, "num_partial_branches": 0, "covered_branches": 0, "missing_branches": 0, "percent_branches_covered": 100.0, "percent_branches_covered_display": "100"}, "missing_lines": [], "excluded_lines": [], "start_line": 389, "executed_branches": [], "missing_branches": []}, "fingerprint": {"executed_lines": [394, 395], "summary": {"covered_lines": 2, "num_statements": 2, "percent_covered": 100.0, "percent_covered_display": "100", "missing_lines": 0, "excluded_lines": 0, "percent_statements_covered": 100.0, "percent_statements_covered_display": "100", "num_branches": 0, "num_partial_branches": 0, "covered_branches": 0, "missing_branches": 0, "percent_branches_covered": 100.0, "percent_branches_covered_display": "100"}, "missing_lines": [], "excluded_lines": [], "start_line": 393, "executed_branches": [], "missing_branches": []}, "_analysis_key": {"executed_lines": [400, 401, 402], "summary": {"covered_lines": 3, "num_statements": 3, "percent_covered": 100.0, "percent_covered_display": "100", "missing_lines": 0, "excluded_lines": 0, "percent_statements_covered": 100.0, "percent_statements_covered_display": "100", "num_branches": 0, "num_partial_branches": 0, "covered_branches": 0, "missing_branches": 0, "percent_branches_covered": 100.0, "percent_branches_covered_display": "100"}, "missing_lines": [], "excluded_lines": [], "start_line": 398, "executed_branches": [], "missing_branches": []}, "_cached_record": {"executed_lines": [406, 407, 408, 409, 410, 411, 412, 413], "summary": {"covered_lines": 8, "num_statements": 8, "percent_covered": 100.0, "percent_covered_display": "100", "missing_lines": 0, "excluded_lines": 0, "percent_statements_covered": 100.0, "percent_statements_covered_display": "100", "num_branches": 6, "num_partial_branches": 0, "covered_branches": 6, "missing_branches": 0, "percent_branches_covered": 100.0, "percent_branches_covered_display": "100"}, "missing_lines": [], "excluded_lines": [], "start_line": 405, "executed_branches": [[406, 407], [406, 408], [409, 410], [409, 411], [411, 412], [411, 413]], "missing_branches": []}, "_cached_rows": {"executed_lines": [417, 418, 419], "summary": {"covered_lines": 3, "num_statements": 3, "percent_covered": 100.0, "percent_covered_display": "100", "missing_lines": 0, "excluded_lines": 0, "percent_statements_covered": 100.0, "percent_statements_covered_display": "100", "num_branches": 2, "num_partial_branches": 0, "covered_branches": 2, "missing_branches": 0, "percent_branches_covered": 100.0, "percent_branches_covered_display": "100"}, "missing_lines": [], "excluded_lines": [], "start_line": 416, "executed_branches": [[417, 418], [417, 419]], "missing_branches": []}, "_drained_records": {"executed_lines": [430, 431, 432, 433, 434, 435, 436], "summary": {"covered_lines": 7, "num_statements": 7, "percent_covered": 100.0, "percent_covered_display": "100", "missing_lines": 0, "excluded_lines": 0, "percent_statements_covered": 100.0, "percent_statements_covered_display": "100", "num_branches": 4, "num_partial_branches": 0, "covered_branches": 4, "missing_branches": 0, "percent_branches_covered": 100.0, "percent_branches_covered_display": "100"}, "missing_lines": [], "excluded_lines": [], "start_line": 422, "executed_branches": [[430, 431], [430, 432], [433, 434], [433, 436]], "missing_branches": []}, "load_cache": {"executed_lines": [445, 447, 448, 449, 450, 451, 452], "summary": {"covered_lines": 7, "num_statements": 8, "percent_covered": 80.0, "percent_covered_display": "80", "missing_lines": 1, "excluded_lines": 0, "percent_statements_covered": 87.5, "percent_statements_covered_display": "88", "num_branches": 2, "num_partial_branches": 1, "covered_branches": 1, "missing_branches": 1, "percent_branches_covered": 50.0, "percent_branches_covered_display": "50"}, "missing_lines": [446], "excluded_lines": [], "start_line": 439, "executed_branches": [[445, 447]], "missing_branches": [[445, 446]]}, "save_cache": {"executed_lines": [463, 465, 466, 467, 468], "summary": {"covered_lines": 5, "num_statements": 6, "percent_covered": 75.0, "percent_covered_display": "75", "missing_lines": 1, "excluded_lines": 0, "percent_statements_covered": 83.33333333333333, "percent_statements_covered_display": "83", "num_branches": 2, "num_partial_branches": 1, "covered_branches": 1, "missing_branches": 1, "percent_branches_covered": 50.0, "percent_branches_covered_display": "50"}, "missing_lines": [464], "excluded_lines": [], "start_line": 455, "executed_branches": [[463, 465]], "missing_branches": [[463, 464]]}, "_write_entries": {"executed_lines": [480, 481, 482, 483, 484, 485], "summary": {"covered_lines": 6, "num_statements": 6, "percent_covered": 100.0, "percent_covered_display": "100", "missing_lines": 0, "excluded_lines": 0, "percent_statements_covered": 100.0, "percent_statements_covered_display": "100", "num_branches": 2, "num_partial_branches": 0, "covered_branches": 2, "missing_branches": 0, "percent_branches_covered": 100.0, "percent_branches_covered_display": "100"}, "missing_lines": [], "excluded_lines": [], "start_line": 471, "executed_branches": [[482, 483], [482, 485]], "missing_branches": []}, "_stamps_path": {"executed_lines": [497], "summary": {"covered_lines": 1, "num_statements": 1, "percent_covered": 100.0, "percent_covered_display": "100", "missing_lines": 0, "excluded_lines": 0, "percent_statements_covered": 100.0, "percent_statements_covered_display": "100", "num_branches": 0, "num_partial_branches": 0, "covered_branches": 0, "missing_branches": 0, "percent_branches_covered": 100.0, "percent_branches_covered_display": "100"}, "missing_lines": [], "excluded_lines": [], "start_line": 496, "executed_branches": [], "missing_branches": []}, "_load_stamps": {"executed_lines": [507, 508, 509, 510, 511, 512], "summary": {"covered_lines": 6, "num_statements": 6, "percent_covered": 100.0, "percent_covered_display": "100", "missing_lines": 0, "excluded_lines": 0, "percent_statements_covered": 100.0, "percent_statements_covered_display": "100", "num_branches": 0, "num_partial_branches": 0, "covered_branches": 0, "missing_branches": 0, "percent_branches_covered": 100.0, "percent_branches_covered_display": "100"}, "missing_lines": [], "excluded_lines": [], "start_line": 500, "executed_branches": [], "missing_branches": []}, "_valid_stamp": {"executed_lines": [516, 517, 518], "summary": {"covered_lines": 3, "num_statements": 3, "percent_covered": 100.0, "percent_covered_display": "100", "missing_lines": 0, "excluded_lines": 0, "percent_statements_covered": 100.0, "percent_statements_covered_display": "100", "num_branches": 2, "num_partial_branches": 0, "covered_branches": 2, "missing_branches": 0, "percent_branches_covered": 100.0, "percent_branches_covered_display": "100"}, "missing_lines": [], "excluded_lines": [], "start_line": 515, "executed_branches": [[516, 517], [516, 518]], "missing_branches": []}, "_stamp_entries": {"executed_lines": [523, 524, 525], "summary": {"covered_lines": 3, "num_statements": 3, "percent_covered": 100.0, "percent_covered_display": "100", "missing_lines": 0, "excluded_lines": 0, "percent_statements_covered": 100.0, "percent_statements_covered_display": "100", "num_branches": 2, "num_partial_branches": 0, "covered_branches": 2, "missing_branches": 0, "percent_branches_covered": 100.0, "percent_branches_covered_display": "100"}, "missing_lines": [], "excluded_lines": [], "start_line": 522, "executed_branches": [[523, 524], [523, 525]], "missing_branches": []}, "_save_stamps": {"executed_lines": [530, 531], "summary": {"covered_lines": 2, "num_statements": 7, "percent_covered": 33.333333333333336, "percent_covered_display": "33", "missing_lines": 5, "excluded_lines": 0, "percent_statements_covered": 28.571428571428573, "percent_statements_covered_display": "29", "num_branches": 2, "num_partial_branches": 1, "covered_branches": 1, "missing_branches": 1, "percent_branches_covered": 50.0, "percent_branches_covered_display": "50"}, "missing_lines": [532, 533, 534, 535, 536], "excluded_lines": [], "start_line": 529, "executed_branches": [[530, 531]], "missing_branches": [[530, 532]]}, "_stat_of": {"executed_lines": [540, 541, 544], "summary": {"covered_lines": 3, "num_statements": 5, "percent_covered": 60.0, "percent_covered_display": "60", "missing_lines": 2, "excluded_lines": 0, "percent_statements_covered": 60.0, "percent_statements_covered_display": "60", "num_branches": 0, "num_partial_branches": 0, "covered_branches": 0, "missing_branches": 0, "percent_branches_covered": 100.0, "percent_branches_covered_display": "100"}, "missing_lines": [542, 543], "excluded_lines": [], "start_line": 539, "executed_branches": [], "missing_branches": []}, "_unmoved": {"executed_lines": [549], "summary": {"covered_lines": 1, "num_statements": 1, "percent_covered": 100.0, "percent_covered_display": "100", "missing_lines": 0, "excluded_lines": 0, "percent_statements_covered": 100.0, "percent_statements_covered_display": "100", "num_branches": 0, "num_partial_branches": 0, "covered_branches": 0, "missing_branches": 0, "percent_branches_covered": 100.0, "percent_branches_covered_display": "100"}, "missing_lines": [], "excluded_lines": [], "start_line": 547, "executed_branches": [], "missing_branches": []}, "_stamp": {"executed_lines": [553], "summary": {"covered_lines": 1, "num_statements": 2, "percent_covered": 50.0, "percent_covered_display": "50", "missing_lines": 1, "excluded_lines": 0, "percent_statements_covered": 50.0, "percent_statements_covered_display": "50", "num_branches": 2, "num_partial_branches": 1, "covered_branches": 1, "missing_branches": 1, "percent_branches_covered": 50.0, "percent_branches_covered_display": "50"}, "missing_lines": [554], "excluded_lines": [], "start_line": 552, "executed_branches": [[553, -552]], "missing_branches": [[553, 554]]}, "_hash_paths": {"executed_lines": [569, 570, 571, 572, 573, 574, 575, 576, 577], "summary": {"covered_lines": 9, "num_statements": 9, "percent_covered": 100.0, "percent_covered_display": "100", "missing_lines": 0, "excluded_lines": 0, "percent_statements_covered": 100.0, "percent_statements_covered_display": "100", "num_branches": 2, "num_partial_branches": 0, "covered_branches": 2, "missing_branches": 0, "percent_branches_covered": 100.0, "percent_branches_covered_display": "100"}, "missing_lines": [], "excluded_lines": [], "start_line": 557, "executed_branches": [[572, 573], [572, 577]], "missing_branches": []}, "_kept_stamps": {"executed_lines": [585, 586, 587], "summary": {"covered_lines": 3, "num_statements": 3, "percent_covered": 100.0, "percent_covered_display": "100", "missing_lines": 0, "excluded_lines": 0, "percent_statements_covered": 100.0, "percent_statements_covered_display": "100", "num_branches": 0, "num_partial_branches": 0, "covered_branches": 0, "missing_branches": 0, "percent_branches_covered": 100.0, "percent_branches_covered_display": "100"}, "missing_lines": [], "excluded_lines": [], "start_line": 580, "executed_branches": [], "missing_branches": []}, "_restamped": {"executed_lines": [595], "summary": {"covered_lines": 1, "num_statements": 1, "percent_covered": 100.0, "percent_covered_display": "100", "missing_lines": 0, "excluded_lines": 0, "percent_statements_covered": 100.0, "percent_statements_covered_display": "100", "num_branches": 0, "num_partial_branches": 0, "covered_branches": 0, "missing_branches": 0, "percent_branches_covered": 100.0, "percent_branches_covered_display": "100"}, "missing_lines": [], "excluded_lines": [], "start_line": 590, "executed_branches": [], "missing_branches": []}, "_rows_for": {"executed_lines": [602, 603, 604], "summary": {"covered_lines": 3, "num_statements": 3, "percent_covered": 100.0, "percent_covered_display": "100", "missing_lines": 0, "excluded_lines": 0, "percent_statements_covered": 100.0, "percent_statements_covered_display": "100", "num_branches": 2, "num_partial_branches": 0, "covered_branches": 2, "missing_branches": 0, "percent_branches_covered": 100.0, "percent_branches_covered_display": "100"}, "missing_lines": [], "excluded_lines": [], "start_line": 598, "executed_branches": [[602, 603], [602, 604]], "missing_branches": []}, "_memory_budget_mb": {"executed_lines": [], "summary": {"covered_lines": 0, "num_statements": 4, "percent_covered": 0.0, "percent_covered_display": "0", "missing_lines": 4, "excluded_lines": 0, "percent_statements_covered": 0.0, "percent_statements_covered_display": "0", "num_branches": 2, "num_partial_branches": 0, "covered_branches": 0, "missing_branches": 2, "percent_branches_covered": 0.0, "percent_branches_covered_display": "0"}, "missing_lines": [619, 620, 621, 622], "excluded_lines": [], "start_line": 614, "executed_branches": [], "missing_branches": [[620, 621], [620, 622]]}, "_memory_bounded": {"executed_lines": [], "summary": {"covered_lines": 0, "num_statements": 4, "percent_covered": 0.0, "percent_covered_display": "0", "missing_lines": 4, "excluded_lines": 0, "percent_statements_covered": 0.0, "percent_statements_covered_display": "0", "num_branches": 2, "num_partial_branches": 0, "covered_branches": 0, "missing_branches": 2, "percent_branches_covered": 0.0, "percent_branches_covered_display": "0"}, "missing_lines": [633, 634, 635, 636], "excluded_lines": [], "start_line": 625, "executed_branches": [], "missing_branches": [[634, 635], [634, 636]]}, "analyze_jobs": {"executed_lines": [654, 655, 660, 661, 662, 666, 667, 668], "summary": {"covered_lines": 8, "num_statements": 11, "percent_covered": 68.42105263157895, "percent_covered_display": "68", "missing_lines": 3, "excluded_lines": 0, "percent_statements_covered": 72.72727272727273, "percent_statements_covered_display": "73", "num_branches": 8, "num_partial_branches": 1, "covered_branches": 5, "missing_branches": 3, "percent_branches_covered": 62.5, "percent_branches_covered_display": "62"}, "missing_lines": [656, 657, 658], "excluded_lines": [], "start_line": 639, "executed_branches": [[655, 660], [660, 661], [660, 666], [666, 667], [666, 668]], "missing_branches": [[655, 656], [657, 658], [657, 666]]}, "analyze_files": {"executed_lines": [674, 675, 676, 677, 678, 679, 680, 681, 682, 684, 686, 687, 688], "summary": {"covered_lines": 13, "num_statements": 13, "percent_covered": 100.0, "percent_covered_display": "100", "missing_lines": 0, "excluded_lines": 0, "percent_statements_covered": 100.0, "percent_statements_covered_display": "100", "num_branches": 0, "num_partial_branches": 0, "covered_branches": 0, "missing_branches": 0, "percent_branches_covered": 100.0, "percent_branches_covered_display": "100"}, "missing_lines": [], "excluded_lines": [], "start_line": 671, "executed_branches": [], "missing_branches": []}, "": {"executed_lines": [6, 8, 9, 10, 11, 12, 13, 14, 15, 17, 19, 20, 22, 23, 24, 25, 26, 28, 29, 30, 31, 32, 45, 46, 47, 49, 54, 88, 91, 105, 114, 116, 126, 129, 147, 163, 164, 173, 176, 189, 192, 198, 219, 222, 240, 265, 271, 309, 318, 333, 337, 359, 362, 371, 389, 393, 398, 405, 416, 422, 439, 455, 471, 488, 493, 496, 500, 515, 522, 529, 539, 547, 552, 557, 580, 590, 598, 607, 611, 614, 625, 639, 671], "summary": {"covered_lines": 83, "num_statements": 83, "percent_covered": 100.0, "percent_covered_display": "100", "missing_lines": 0, "excluded_lines": 0, "percent_statements_covered": 100.0, "percent_statements_covered_display": "100", "num_branches": 0, "num_partial_branches": 0, "covered_branches": 0, "missing_branches": 0, "percent_branches_covered": 100.0, "percent_branches_covered_display": "100"}, "missing_lines": [], "excluded_lines": [], "start_line": 1, "executed_branches": [], "missing_branches": []}}, "classes": {"_ModifiedDelta": {"executed_lines": [117, 118, 119, 123], "summary": {"covered_lines": 4, "num_statements": 7, "percent_covered": 63.63636363636363, "percent_covered_display": "64", "missing_lines": 3, "excluded_lines": 0, "percent_statements_covered": 57.142857142857146, "percent_statements_covered_display": "57", "num_branches": 4, "num_partial_branches": 1, "covered_branches": 3, "missing_branches": 1, "percent_branches_covered": 75.0, "percent_branches_covered_display": "75"}, "missing_lines": [120, 121, 122], "excluded_lines": [], "start_line": 105, "executed_branches": [[118, -116], [118, 119], [119, 123]], "missing_branches": [[119, 120]]}, "_CreationOrder": {"executed_lines": [130, 131, 132, 134, 136, 137, 138, 140, 141, 142, 144], "summary": {"covered_lines": 11, "num_statements": 11, "percent_covered": 100.0, "percent_covered_display": "100", "missing_lines": 0, "excluded_lines": 0, "percent_statements_covered": 100.0, "percent_statements_covered_display": "100", "num_branches": 0, "num_partial_branches": 0, "covered_branches": 0, "missing_branches": 0, "percent_branches_covered": 100.0, "percent_branches_covered_display": "100"}, "missing_lines": [], "excluded_lines": [], "start_line": 126, "executed_branches": [], "missing_branches": []}, "": {"executed_lines": [6, 8, 9, 10, 11, 12, 13, 14, 15, 17, 19, 20, 22, 23, 24, 25, 26, 28, 29, 30, 31, 32, 45, 46, 47, 49, 54, 88, 91, 105, 114, 116, 126, 129, 147, 155, 156, 157, 163, 164, 173, 176, 177, 179, 189, 192, 193, 195, 198, 199, 200, 201, 219, 222, 231, 232, 233, 234, 236, 237, 240, 257, 258, 259, 265, 271, 274, 275, 276, 277, 278, 309, 310, 312, 313, 318, 330, 333, 334, 337, 350, 356, 359, 362, 363, 364, 365, 366, 371, 389, 390, 393, 394, 395, 398, 400, 401, 402, 405, 406, 407, 408, 409, 410, 411, 412, 413, 416, 417, 418, 419, 422, 430, 431, 432, 433, 434, 435, 436, 439, 445, 447, 448, 449, 450, 451, 452, 455, 463, 465, 466, 467, 468, 471, 480, 481, 482, 483, 484, 485, 488, 493, 496, 497, 500, 507, 508, 509, 510, 511, 512, 515, 516, 517, 518, 522, 523, 524, 525, 529, 530, 531, 539, 540, 541, 544, 547, 549, 552, 553, 557, 569, 570, 571, 572, 573, 574, 575, 576, 577, 580, 585, 586, 587, 590, 595, 598, 602, 603, 604, 607, 611, 614, 625, 639, 654, 655, 660, 661, 662, 666, 667, 668, 671, 674, 675, 676, 677, 678, 679, 680, 681, 682, 684, 686, 687, 688], "summary": {"covered_lines": 217, "num_statements": 264, "percent_covered": 78.65853658536585, "percent_covered_display": "79", "missing_lines": 47, "excluded_lines": 0, "percent_statements_covered": 82.1969696969697, "percent_statements_covered_display": "82", "num_branches": 64, "num_partial_branches": 11, "covered_branches": 41, "missing_branches": 23, "percent_branches_covered": 64.0625, "percent_branches_covered_display": "64"}, "missing_lines": [98, 99, 100, 101, 102, 178, 194, 235, 260, 266, 267, 268, 311, 314, 315, 351, 367, 368, 379, 380, 381, 382, 383, 384, 385, 386, 446, 464, 532, 533, 534, 535, 536, 542, 543, 554, 619, 620, 621, 622, 633, 634, 635, 636, 656, 657, 658], "excluded_lines": [], "start_line": 1, "executed_branches": [[177, 179], [193, 195], [233, 234], [233, 237], [234, 236], [258, 259], [275, 276], [275, 278], [310, 312], [350, 356], [406, 407], [406, 408], [409, 410], [409, 411], [411, 412], [411, 413], [417, 418], [417, 419], [430, 431], [430, 432], [433, 434], [433, 436], [445, 447], [463, 465], [482, 483], [482, 485], [516, 517], [516, 518], [523, 524], [523, 525], [530, 531], [553, -552], [572, 573], [572, 577], [602, 603], [602, 604], [655, 660], [660, 661], [660, 666], [666, 667], [666, 668]], "missing_branches": [[98, 99], [98, 100], [100, 101], [100, 102], [177, 178], [193, 194], [234, 235], [258, 260], [266, 267], [266, 268], [310, 311], [350, 351], [445, 446], [463, 464], [530, 532], [553, 554], [620, 621], [620, 622], [634, 635], [634, 636], [655, 656], [657, 658], [657, 666]]}}}}, "totals": {"covered_lines": 232, "num_statements": 282, "percent_covered": 78.85714285714286, "percent_covered_display": "79", "missing_lines": 50, "excluded_lines": 0, "percent_statements_covered": 82.26950354609929, "percent_statements_covered_display": "82", "num_branches": 68, "num_partial_branches": 12, "covered_branches": 44, "missing_branches": 24, "percent_branches_covered": 64.70588235294117, "percent_branches_covered_display": "65"}}