<?xml version="1.0" encoding="utf-8"?><testsuites><testsuite name="pytest" errors="0" failures="0" skipped="2" tests="4172" time="1831.518" timestamp="2026-09-06T17:50:17.194901-04:00" hostname="JF-AWDesktop"><testcase classname="tests.e2e.test_claude_hook_e2e" name="test_the_recorded_payload_draws_the_recorded_verdict[scoped_breach]" time="0.643" /><testcase classname="tests.e2e.test_claude_hook_e2e" name="test_stdout_stays_empty_whatever_the_verdict[comment_only_edit]" time="0.745" /><testcase classname="tests.e2e.test_claude_hook_e2e" name="test_the_recorded_payload_draws_the_recorded_verdict[no_toml]" time="0.542" /><testcase classname="tests.e2e.test_claude_hook_e2e" name="test_stdout_stays_empty_whatever_the_verdict[malformed_stdin]" time="0.563" /><testcase classname="tests.e2e.test_claude_hook_e2e" name="test_even_a_breach_run_never_reaches_the_store" time="0.586" /><testcase classname="tests.e2e.test_claude_hook_e2e" name="test_the_recorded_payload_draws_the_recorded_verdict[untracked_breach]" time="0.641" /><testcase classname="tests.e2e.test_claude_hook_e2e" name="test_a_breach_run_leaves_the_repo_byte_identical" time="0.606" /><testcase classname="tests.e2e.test_claude_hook_e2e" name="test_the_recorded_payload_draws_the_recorded_verdict[bash_untracked_breach]" time="0.730" /><testcase classname="tests.e2e.test_claude_hook_e2e" name="test_the_recorded_payload_draws_the_recorded_verdict[unknown_claude_subcommand]" time="0.496" /><testcase classname="tests.e2e.test_claude_hook_e2e" name="test_the_recorded_payload_draws_the_recorded_verdict[unknown_protocol]" time="0.513" /><testcase classname="tests.e2e.test_claude_hook_e2e" name="test_stdout_stays_empty_whatever_the_verdict[marked_breach]" time="0.605" /><testcase classname="tests.e2e.test_claude_hook_e2e" name="test_the_warm_path_costs_little_more_than_starting_python[no_toml]" time="0.001"><skipped type="pytest.skip" message="strict latency budget: set CRAPKIT_STRICT_TIMING=1"><repo>\tests\e2e\test_claude_hook_e2e.py:379: strict latency budget: set CRAPKIT_STRICT_TIMING=1</skipped></testcase><testcase classname="tests.e2e.test_claude_hook_e2e" name="test_the_recorded_payload_draws_the_recorded_verdict[comment_only_edit]" time="0.659" /><testcase classname="tests.e2e.test_claude_hook_e2e" name="test_stdout_stays_empty_whatever_the_verdict[bash_clean_tree]" time="0.616" /><testcase classname="tests.e2e.test_claude_hook_e2e" name="test_the_recorded_payload_draws_the_recorded_verdict[bash_stale_file]" time="0.788" /><testcase classname="tests.e2e.test_claude_hook_e2e" name="test_a_no_toml_run_opens_no_store_and_imports_no_analysis_stack" time="0.591" /><testcase classname="tests.e2e.test_claude_hook_e2e" name="test_stdout_stays_empty_whatever_the_verdict[unscoped_file]" time="0.539" /><testcase classname="tests.e2e.test_claude_hook_e2e" name="test_stdout_stays_empty_whatever_the_verdict[bash_written_breach]" time="0.685" /><testcase classname="tests.e2e.test_claude_hook_e2e" name="test_stdout_stays_empty_whatever_the_verdict[rebase_marker]" time="0.573" /><testcase classname="tests.e2e.test_claude_hook_e2e" name="test_the_recorded_payload_draws_the_recorded_verdict[broken_syntax]" time="0.675" /><testcase classname="tests.e2e.test_claude_hook_e2e" name="test_stdout_stays_empty_whatever_the_verdict[unknown_claude_subcommand]" time="0.532" /><testcase classname="tests.e2e.test_claude_hook_e2e" name="test_stdout_stays_empty_whatever_the_verdict[broken_syntax]" time="0.552" /><testcase classname="tests.e2e.test_claude_hook_e2e" name="test_the_recorded_payload_draws_the_recorded_verdict[missing_file_path]" time="0.488" /><testcase classname="tests.e2e.test_claude_hook_e2e" name="test_the_recorded_payload_draws_the_recorded_verdict[rebase_marker]" time="0.486" /><testcase classname="tests.e2e.test_claude_hook_e2e" name="test_the_recorded_payload_draws_the_recorded_verdict[bash_clean_tree]" time="0.576" /><testcase classname="tests.e2e.test_claude_hook_e2e" name="test_the_recorded_payload_draws_the_recorded_verdict[unscoped_file]" time="0.537" /><testcase classname="tests.e2e.test_claude_hook_e2e" name="test_stdout_stays_empty_whatever_the_verdict[bash_untracked_breach]" time="0.824" /><testcase classname="tests.e2e.test_claude_hook_e2e" name="test_stdout_stays_empty_whatever_the_verdict[bash_stale_file]" time="0.531" /><testcase classname="tests.e2e.test_claude_hook_e2e" name="test_stdout_stays_empty_whatever_the_verdict[wrong_event]" time="0.536" /><testcase classname="tests.e2e.test_claude_hook_e2e" name="test_the_warm_path_costs_little_more_than_starting_python[scoped_breach]" time="0.000"><skipped type="pytest.skip" message="strict latency budget: set CRAPKIT_STRICT_TIMING=1"><repo>\tests\e2e\test_claude_hook_e2e.py:379: strict latency budget: set CRAPKIT_STRICT_TIMING=1</skipped></testcase><testcase classname="tests.e2e.test_claude_hook_e2e" name="test_the_recorded_payload_draws_the_recorded_verdict[worktree_git_file]" time="0.514" /><testcase classname="tests.e2e.test_claude_hook_e2e" name="test_stdout_stays_empty_whatever_the_verdict[missing_file_path]" time="0.521" /><testcase classname="tests.e2e.test_claude_hook_e2e" name="test_the_recorded_payload_draws_the_recorded_verdict[wrong_event]" time="0.524" /><testcase classname="tests.e2e.test_claude_hook_e2e" name="test_the_warm_path_stays_inside_the_ci_budget[no_toml]" time="2.594" /><testcase classname="tests.e2e.test_claude_hook_e2e" name="test_the_warm_path_stays_inside_the_ci_budget[scoped_breach]" time="3.118" /><testcase classname="tests.e2e.test_claude_hook_e2e" name="test_the_recorded_payload_draws_the_recorded_verdict[bash_written_breach]" time="0.739" /><testcase classname="tests.e2e.test_claude_hook_e2e" name="test_stdout_stays_empty_whatever_the_verdict[untracked_breach]" time="0.654" /><testcase classname="tests.e2e.test_claude_hook_e2e" name="test_the_recorded_payload_draws_the_recorded_verdict[marked_breach]" time="0.718" /><testcase classname="tests.e2e.test_claude_hook_e2e" name="test_stdout_stays_empty_whatever_the_verdict[unknown_protocol]" time="0.743" /><testcase classname="tests.e2e.test_claude_hook_e2e" name="test_stdout_stays_empty_whatever_the_verdict[no_toml]" time="0.742" /><testcase classname="tests.e2e.test_claude_hook_e2e" name="test_the_recorded_payload_draws_the_recorded_verdict[malformed_stdin]" time="0.610" /><testcase classname="tests.e2e.test_claude_hook_e2e" name="test_stdout_stays_empty_whatever_the_verdict[scoped_breach]" time="0.793" /><testcase classname="tests.e2e.test_claude_hook_e2e" name="test_stdout_stays_empty_whatever_the_verdict[worktree_git_file]" time="0.606" /><testcase classname="tests.unit.test_unmeasured_dirs" name="test_untested_code_nobody_wrote_a_test_for_is_not_a_tooling_gap" time="0.001" /><testcase classname="tests.unit.test_unmeasured_dirs" name="test_a_tests_mirror_counts_even_when_no_stem_matches" time="0.001" /><testcase classname="tests.unit.test_unmeasured_dirs" name="test_a_scope_now_marked_coverage_optional_is_skipped_even_in_older_rows" time="0.001" /><testcase classname="tests.unit.test_unmeasured_dirs" name="test_the_four_test_naming_conventions_all_count" time="0.001" /><testcase classname="tests.unit.test_unmeasured_dirs" name="test_a_directory_of_untested_code_with_a_same_stem_test_is_reported" time="0.000" /><testcase classname="tests.unit.test_unmeasured_dirs" name="test_directories_are_reported_in_path_order" time="0.000" /><testcase classname="tests.unit.test_unmeasured_dirs" name="test_a_flat_tests_directory_does_not_mirror_every_directory" time="0.000" /><testcase classname="tests.unit.test_unmeasured_dirs" name="test_no_rows_is_not_a_finding" time="0.000" /><testcase classname="tests.unit.test_unmeasured_dirs" name="test_one_measured_function_clears_the_whole_directory" time="0.001" /><testcase classname="tests.unit.test_ratchet_delta" name="test_no_marks_is_no_change" time="0.001" /><testcase classname="tests.unit.test_ratchet_delta" name="test_a_mark_that_fell_counts_as_tightened" time="0.001" /><testcase classname="tests.unit.test_ratchet_delta" name="test_a_mark_that_stayed_put_counts_as_neither" time="0.000" /><testcase classname="tests.unit.test_ratchet_delta" name="test_both_kinds_are_counted_in_one_pass" time="0.000" /><testcase classname="tests.unit.test_ratchet_delta" name="test_a_mark_that_left_the_file_counts_as_dropped" time="0.001" /><testcase classname="tests.unit.test_rescore_pushdown" name="test_the_baseline_read_for_two_files_stays_under_the_budget" time="1.842" /><testcase classname="tests.unit.test_rescore_pushdown" name="test_the_rescore_table_is_byte_identical" time="0.075" /><testcase classname="tests.unit.test_rescore_pushdown" name="test_the_overlay_takes_the_same_narrow_route" time="0.090" /><testcase classname="tests.unit.test_rescore_pushdown" name="test_the_order_holds_when_the_files_span_two_scopes" time="0.085" /><testcase classname="tests.unit.test_rescore_pushdown" name="test_a_path_the_run_never_scored_contributes_nothing" time="0.082" /><testcase classname="tests.unit.test_rescore_pushdown" name="test_the_rescore_json_is_byte_identical" time="0.084" /><testcase classname="tests.unit.test_rescore_pushdown" name="test_the_narrow_read_returns_the_wide_read_row_for_row" time="0.078" /><testcase classname="tests.unit.test_rescore_pushdown" name="test_an_empty_file_list_reads_nothing_at_all" time="0.088" /><testcase classname="tests.unit.test_rescore_pushdown" name="test_no_statement_selects_the_whole_run" time="0.099" /><testcase classname="tests.unit.test_churn_cache" name="test_a_second_read_at_the_same_head_never_shells_git" time="0.004" /><testcase classname="tests.unit.test_churn_cache" name="test_a_cache_without_the_paths_marker_reads_as_cold" time="0.003" /><testcase classname="tests.unit.test_churn_cache" name="test_a_cache_of_the_wrong_shape_reads_as_cold" time="0.003" /><testcase classname="tests.unit.test_churn_cache" name="test_a_warm_cache_under_the_old_name_is_adopted_not_rewalked" time="0.003" /><testcase classname="tests.unit.test_churn_cache" name="test_a_map_rebuild_without_a_log_cache_stays_off_the_log" time="0.003" /><testcase classname="tests.unit.test_churn_cache" name="test_the_warm_read_is_byte_identical_to_the_cold_one" time="0.002" /><testcase classname="tests.unit.test_churn_cache" name="test_an_unreadable_head_still_answers_and_writes_nothing" time="0.003" /><testcase classname="tests.unit.test_churn_cache" name="test_a_moved_head_rebuilds" time="0.004" /><testcase classname="tests.unit.test_churn_cache" name="test_a_new_utc_day_rebuilds" time="0.005" /><testcase classname="tests.unit.test_churn_cache" name="test_a_stale_cache_under_the_old_name_is_dropped" time="0.004" /><testcase classname="tests.unit.test_churn_cache" name="test_a_torn_cache_file_reads_as_cold" time="0.003" /><testcase classname="tests.unit.test_churn_cache" name="test_weights_survive_the_json_round_trip_exactly" time="0.003" /><testcase classname="tests.unit.test_churn_cache" name="test_a_different_window_rebuilds" time="0.003" /><testcase classname="tests.unit.test_schema_contract" name="test_schema_marks_required_keys" time="0.001" /><testcase classname="tests.unit.test_schema_contract" name="test_schema_tables_match_doctor" time="0.001" /><testcase classname="tests.unit.test_schema_contract" name="test_schema_top_level_matches_doctor" time="0.001" /><testcase classname="tests.unit.test_report_command" name="test_report_defaults_to_the_page_the_docs_name" time="0.024" /><testcase classname="tests.unit.test_report_command" name="test_a_rooted_out_with_no_drive_letter_is_written_too" time="0.005" /><testcase classname="tests.unit.test_report_command" name="test_lane_states_reports_no_note_for_an_artifact_that_still_describes_the_tree" time="0.004" /><testcase classname="tests.unit.test_report_command" name="test_report_takes_repo_and_out" time="0.019" /><testcase classname="tests.unit.test_report_command" name="test_the_joined_note_load_uncovered_reports_is_built_from_the_same_states" time="0.002" /><testcase classname="tests.unit.test_report_command" name="test_the_handler_is_importable_by_name" time="0.000" /><testcase classname="tests.unit.test_report_command" name="test_the_page_is_written_with_lf_on_every_host" time="0.002" /><testcase classname="tests.unit.test_report_command" name="test_lane_states_names_every_declared_lane" time="0.002" /><testcase classname="tests.unit.test_report_command" name="test_an_absolute_out_writes_where_the_reader_pointed" time="0.002" /><testcase classname="tests.unit.test_report_command" name="test_the_writer_creates_the_directory_it_writes_into" time="0.003" /><testcase classname="tests.unit.test_report_command" name="test_the_writer_puts_the_rendered_page_on_disk_and_prints_where" time="0.002" /><testcase classname="tests.unit.test_report_command" name="test_a_second_run_overwrites_rather_than_appends" time="0.003" /><testcase classname="tests.unit.test_report_command" name="test_the_parser_defines_report" time="0.018" /><testcase classname="tests.unit.test_report_command" name="test_the_writer_refuses_a_path_outside_the_repo" time="0.003" /><testcase classname="tests.unit.test_identity_presentations" name="test_same_start_nested_function_is_a_contained_twin_not_self" time="0.004" /><testcase classname="tests.unit.test_identity_presentations" name="test_file_function_projection_keeps_same_line_identity" time="0.001" /><testcase classname="tests.unit.test_identity_presentations" name="test_rescore_json_keeps_same_line_identity" time="0.002" /><testcase classname="tests.unit.test_verify" name="test_gate_uses_the_scope_ceiling" time="0.001" /><testcase classname="tests.unit.test_verify" name="test_ratchet_regression_fires_even_untouched" time="0.001" /><testcase classname="tests.unit.test_verify" name="test_untouched_function_over_target_is_not_a_gate_violation" time="0.001" /><testcase classname="tests.unit.test_verify" name="test_touched_function_over_target_is_a_gate_violation" time="0.001" /><testcase classname="tests.unit.test_verify" name="test_ratchet_improvement_is_not_a_regression" time="0.001" /><testcase classname="tests.unit.test_verify" name="test_cc7_at_full_coverage_still_fails_the_gate" time="0.001" /><testcase classname="tests.unit.test_verify" name="test_twin_functions_regression_cannot_hide_behind_its_sibling" time="0.001" /><testcase classname="tests.unit.test_verify" name="test_preexisting_failures_do_not_fail_the_verdict" time="0.001" /><testcase classname="tests.unit.test_verify" name="test_clean_change_passes" time="0.001" /><testcase classname="tests.unit.test_verify" name="test_new_test_failures_vs_baseline_fail_the_verdict" time="0.001" /><testcase classname="tests.e2e.test_rust_go_names_e2e" name="test_a_fragment_no_function_is_named_still_finds_all_three" time="1.949" /><testcase classname="tests.e2e.test_rust_go_names_e2e" name="test_the_nested_match_scores_cognitive_through_the_whole_pipeline" time="2.010" /><testcase classname="tests.e2e.test_rust_go_names_e2e" name="test_explain_resolves_an_exact_name_to_one_function" time="1.765" /><testcase classname="tests.e2e.test_rust_go_names_e2e" name="test_explain_and_brief_answer_the_same_name_with_the_same_function" time="2.659" /><testcase classname="tests.e2e.test_rust_go_names_e2e" name="test_an_ambiguous_fragment_in_brief_exits_one_naming_the_candidates" time="1.755" /><testcase classname="tests.e2e.test_rust_go_names_e2e" name="test_brief_takes_the_bare_go_name" time="1.988" /><testcase classname="tests.e2e.test_rust_go_names_e2e" name="test_the_handle_a_packet_publishes_is_a_name_brief_accepts" time="4.013" /><testcase classname="tests.e2e.test_rust_go_names_e2e" name="test_the_long_name_still_works_beside_the_bare_one" time="2.055" /><testcase classname="tests.e2e.test_rust_go_names_e2e" name="test_brief_takes_the_bare_rust_name" time="1.895" /><testcase classname="tests.e2e.test_hook_base" name="test_an_unknown_gate_base_refuses_instead_of_judging_nothing" time="0.597" /><testcase classname="tests.e2e.test_hook_base" name="test_committed_complexity_is_gated_against_the_named_base" time="1.227" /><testcase classname="tests.unit.test_discovery_docs_contract" name="test_the_flags_help_names_the_walk" time="0.023" /><testcase classname="tests.unit.test_discovery_docs_contract" name="test_agents_md_no_longer_states_the_dot_default" time="0.001" /><testcase classname="tests.unit.test_discovery_docs_contract" name="test_the_readme_repo_lines_say_the_default_is_the_walk" time="0.001" /><testcase classname="tests.unit.test_discovery_docs_contract" name="test_the_agents_page_says_the_server_walks_from_where_it_started" time="0.001" /><testcase classname="tests.unit.test_discovery_docs_contract" name="test_the_lanes_page_documents_the_walk_where_it_denied_a_monorepo_mode" time="0.001" /><testcase classname="tests.e2e.test_payloads_e2e" name="test_brief_names_the_twin_the_churn_and_the_coupled_file" time="2.647" /><testcase classname="tests.e2e.test_payloads_e2e" name="test_a_name_that_matches_nothing_lists_what_the_file_holds" time="2.100" /><testcase classname="tests.e2e.test_payloads_e2e" name="test_an_edit_after_the_run_reads_as_stale_rather_than_as_line_numbers" time="2.461" /><testcase classname="tests.e2e.test_payloads_e2e" name="test_dark_lines_stop_at_the_function_that_owns_them" time="2.240" /><testcase classname="tests.e2e.test_payloads_e2e" name="test_brief_on_a_file_with_no_history_answers_null_rather_than_crashing" time="2.619" /><testcase classname="tests.e2e.test_payloads_e2e" name="test_twins_are_one_candidate_and_the_worst_of_them_wins" time="3.445" /><testcase classname="tests.e2e.test_payloads_e2e" name="test_coverage_json_rolls_the_totals_up_per_scope" time="1.755" /><testcase classname="tests.e2e.test_payloads_e2e" name="test_brief_without_json_prints_a_short_summary" time="2.492" /><testcase classname="tests.e2e.test_payloads_e2e" name="test_brief_matches_the_bare_name_and_the_whole_long_name" time="3.323" /><testcase classname="tests.e2e.test_payloads_e2e" name="test_a_file_no_artifact_measured_reports_null_lines_not_an_empty_list" time="3.497" /><testcase classname="tests.e2e.test_payloads_e2e" name="test_the_plain_brief_prints_the_note_when_the_lines_are_null" time="2.510" /><testcase classname="tests.e2e.test_payloads_e2e" name="test_explain_prints_the_dark_lines_of_the_function_it_explains" time="2.282" /><testcase classname="tests.e2e.test_payloads_e2e" name="test_explain_says_why_when_no_artifact_can_answer" time="2.099" /><testcase classname="tests.e2e.test_payloads_e2e" name="test_brief_reuses_the_dark_line_machinery" time="3.193" /><testcase classname="tests.e2e.test_payloads_e2e" name="test_an_ambiguous_name_is_refused_with_its_candidates" time="2.848" /><testcase classname="tests.e2e.test_payloads_e2e" name="test_brief_carries_the_ratchet_mark_once_one_exists" time="3.606" /><testcase classname="tests.e2e.test_payloads_e2e" name="test_a_deleted_artifact_costs_the_lines_not_the_command" time="2.340" /><testcase classname="tests.e2e.test_payloads_e2e" name="test_the_same_artifacts_produce_the_same_payload_twice" time="2.764" /><testcase classname="tests.e2e.test_payloads_e2e" name="test_brief_takes_the_function_string_next_item_just_printed" time="3.066" /><testcase classname="tests.e2e.test_payloads_e2e" name="test_an_unreadable_artifact_is_a_note_not_an_exit_code" time="2.216" /><testcase classname="tests.e2e.test_payloads_e2e" name="test_trend_json_carries_the_same_rollup_per_run" time="2.374" /><testcase classname="tests.e2e.test_payloads_e2e" name="test_brief_carries_the_whole_scored_row" time="2.218" /><testcase classname="tests.e2e.test_payloads_e2e" name="test_the_next_item_names_the_lines_no_test_reached" time="2.300" /><testcase classname="tests.unit.test_json_error_object" name="test_a_tool_error_under_json_is_one_object_on_stdout" time="0.387" /><testcase classname="tests.unit.test_json_error_object" name="test_without_json_a_refusal_leaves_stdout_empty" time="0.080" /><testcase classname="tests.unit.test_json_error_object" name="test_the_error_kind_names_the_class_behind_the_exit_code" time="0.066" /><testcase classname="tests.unit.test_fresh_user_docs_contract" name="test_the_doctor_step_shows_one_line_per_check" time="0.001" /><testcase classname="tests.unit.test_fresh_user_docs_contract" name="test_the_sample_payload_is_printed_with_sorted_keys" time="0.001" /><testcase classname="tests.unit.test_fresh_user_docs_contract" name="test_a_powershell_default_arm_scores_nothing" time="0.005" /><testcase classname="tests.unit.test_fresh_user_docs_contract" name="test_the_provider_install_is_pinned_to_the_vitest_major" time="0.001" /><testcase classname="tests.unit.test_fresh_user_docs_contract" name="test_the_handbook_links_out_by_url_not_by_relative_path" time="0.001" /><testcase classname="tests.unit.test_fresh_user_docs_contract" name="test_the_sample_item_carries_every_key_the_payload_builder_returns" time="0.001" /><testcase classname="tests.unit.test_fresh_user_docs_contract" name="test_the_preview_row_says_it_needs_a_run_behind_it" time="0.002" /><testcase classname="tests.unit.test_fresh_user_docs_contract" name="test_no_page_claims_this_repos_ci_blocks_on_the_ratchet[README.md]" time="0.004" /><testcase classname="tests.unit.test_fresh_user_docs_contract" name="test_the_cognitive_sentence_admits_an_unmodelled_construct_reads_zero" time="0.001" /><testcase classname="tests.unit.test_fresh_user_docs_contract" name="test_the_failed_lane_step_says_it_stores_nothing" time="0.001" /><testcase classname="tests.unit.test_fresh_user_docs_contract" name="test_the_readme_links_out_by_url_so_pypi_renders_them" time="0.001" /><testcase classname="tests.unit.test_fresh_user_docs_contract" name="test_the_formula_says_who_coined_the_metric" time="0.001" /><testcase classname="tests.unit.test_fresh_user_docs_contract" name="test_the_sample_payload_carries_every_envelope_key_the_command_emits" time="0.001" /><testcase classname="tests.unit.test_fresh_user_docs_contract" name="test_the_provider_step_shows_both_worked_examples" time="0.001" /><testcase classname="tests.unit.test_fresh_user_docs_contract" name="test_the_precommit_block_says_what_moves_the_rev" time="0.001" /><testcase classname="tests.unit.test_fresh_user_docs_contract" name="test_no_page_claims_this_repos_ci_blocks_on_the_ratchet[docs/handbook.html]" time="0.002" /><testcase classname="tests.unit.test_fresh_user_docs_contract" name="test_the_rev_the_precommit_block_pins_is_the_newest_release_tag" time="0.026" /><testcase classname="tests.unit.test_fresh_user_docs_contract" name="test_the_handbook_counts_the_packet_fields_the_builder_returns" time="0.001" /><testcase classname="tests.unit.test_fresh_user_docs_contract" name="test_the_precommit_row_says_which_exit_code_a_reader_actually_sees" time="0.001" /><testcase classname="tests.unit.test_fresh_user_docs_contract" name="test_the_transcripts_ok_lines_are_the_ones_doctor_formats" time="0.001" /><testcase classname="tests.unit.test_fresh_user_docs_contract" name="test_the_explain_row_states_how_it_resolves_a_name" time="0.001" /><testcase classname="tests.unit.test_covstream" name="test_a_streamed_report_with_no_data_to_divide_by_is_still_refused[1048576]" time="0.003" /><testcase classname="tests.unit.test_covstream" name="test_the_merged_walk_still_refuses_an_artifact_measuring_nothing[1048576]" time="0.003" /><testcase classname="tests.unit.test_covstream" name="test_a_report_without_branch_data_streams_the_same_statement_scores[2]" time="0.005" /><testcase classname="tests.unit.test_covstream" name="test_streamed_istanbul_equals_the_whole_document_parse[None-64]" time="0.002" /><testcase classname="tests.unit.test_covstream" name="test_one_walk_gives_the_coverage_map_the_dead_lines_and_the_same_digest[1-17]" time="0.004" /><testcase classname="tests.unit.test_covstream" name="test_a_report_written_with_sorted_keys_still_finds_its_branch_flag[64]" time="0.002" /><testcase classname="tests.unit.test_covstream" name="test_streamed_coveragepy_missing_equals_the_whole_document_parse[64]" time="0.002" /><testcase classname="tests.unit.test_covstream" name="test_missing_regions_outrank_missing_branch_data_whatever_order_they_are_in[1048576]" time="0.003" /><testcase classname="tests.unit.test_covstream" name="test_missing_by_path_streams_every_lane_artifact" time="0.003" /><testcase classname="tests.unit.test_covstream" name="test_streamed_coveragepy_applies_the_lane_path_prefix[1048576]" time="0.003" /><testcase classname="tests.unit.test_covstream" name="test_streamed_coveragepy_missing_equals_the_whole_document_parse[7]" time="0.003" /><testcase classname="tests.unit.test_covstream" name="test_streamed_coveragepy_equals_the_whole_document_parse[None-1048576]" time="0.003" /><testcase classname="tests.unit.test_covstream" name="test_a_streamed_old_report_without_cov_branch_still_names_the_version[1]" time="0.003" /><testcase classname="tests.unit.test_covstream" name="test_one_streamed_file_without_regions_leaves_the_others_scored[1048576]" time="0.003" /><testcase classname="tests.unit.test_covstream" name="test_a_report_without_branch_data_streams_the_same_statement_scores[1048576]" time="0.003" /><testcase classname="tests.unit.test_covstream" name="test_one_walk_gives_the_coverage_map_the_dead_lines_and_the_same_digest[None-1]" time="0.015" /><testcase classname="tests.unit.test_covstream" name="test_a_report_without_branch_data_streams_the_same_statement_scores[3]" time="0.008" /><testcase classname="tests.unit.test_covstream" name="test_a_truncated_report_is_unreadable_not_empty[{&quot;files&quot;: {}} and then some-7]" time="0.005" /><testcase classname="tests.unit.test_covstream" name="test_streamed_coveragepy_missing_equals_the_whole_document_parse[17]" time="0.004" /><testcase classname="tests.unit.test_covstream" name="test_the_merged_walk_reports_a_malformed_artifact_the_same_way[1048576]" time="0.003" /><testcase classname="tests.unit.test_covstream" name="test_one_walk_gives_the_coverage_map_the_dead_lines_and_the_same_digest[1-64]" time="0.004" /><testcase classname="tests.unit.test_covstream" name="test_a_report_written_with_sorted_keys_still_finds_its_branch_flag[17]" time="0.003" /><testcase classname="tests.unit.test_covstream" name="test_a_streamed_old_report_without_cov_branch_still_names_the_version[3]" time="0.003" /><testcase classname="tests.unit.test_covstream" name="test_streamed_istanbul_equals_the_whole_document_parse[None-17]" time="0.003" /><testcase classname="tests.unit.test_covstream" name="test_one_walk_gives_the_coverage_map_the_dead_lines_and_the_same_digest[None-3]" time="0.009" /><testcase classname="tests.unit.test_covstream" name="test_a_report_without_branch_data_streams_the_same_statement_scores[1]" time="0.010" /><testcase classname="tests.unit.test_covstream" name="test_a_report_written_with_sorted_keys_still_finds_its_branch_flag[1048576]" time="0.003" /><testcase classname="tests.unit.test_covstream" name="test_one_walk_gives_the_coverage_map_the_dead_lines_and_the_same_digest[None-2]" time="0.011" /><testcase classname="tests.unit.test_covstream" name="test_streamed_coveragepy_equals_the_whole_document_parse[None-7]" time="0.004" /><testcase classname="tests.unit.test_covstream" name="test_a_streamed_report_with_no_regions_at_all_is_still_refused[1048576]" time="0.003" /><testcase classname="tests.unit.test_covstream" name="test_a_streamed_old_report_without_cov_branch_still_names_the_version[2]" time="0.003" /><testcase classname="tests.unit.test_covstream" name="test_a_streamed_report_with_no_data_to_divide_by_is_still_refused[17]" time="0.002" /><testcase classname="tests.unit.test_covstream" name="test_a_truncated_report_is_unreadable_not_empty[{&quot;files&quot;: {}} and then some-64]" time="0.002" /><testcase classname="tests.unit.test_covstream" name="test_a_streamed_old_report_without_cov_branch_still_names_the_version[7]" time="0.002" /><testcase classname="tests.unit.test_covstream" name="test_a_malformed_artifact_is_still_a_loud_error[1048576]" time="0.003" /><testcase classname="tests.unit.test_covstream" name="test_streamed_coveragepy_missing_equals_the_whole_document_parse[1]" time="0.008" /><testcase classname="tests.unit.test_covstream" name="test_one_walk_gives_the_coverage_map_the_dead_lines_and_the_same_digest[None-64]" time="0.005" /><testcase classname="tests.unit.test_covstream" name="test_an_artifact_measuring_nothing_is_still_a_loud_error[17]" time="0.002" /><testcase classname="tests.unit.test_covstream" name="test_a_truncated_report_is_unreadable_not_empty[{&quot;files&quot;: {}} and then some-1]" time="0.002" /><testcase classname="tests.unit.test_covstream" name="test_the_merged_digest_is_the_artifacts_own_bytes[1048576]" time="0.004" /><testcase classname="tests.unit.test_covstream" name="test_streamed_coveragepy_equals_the_whole_document_parse[None-2]" time="0.005" /><testcase classname="tests.unit.test_covstream" name="test_one_walk_gives_the_coverage_map_the_dead_lines_and_the_same_digest[None-7]" time="0.004" /><testcase classname="tests.unit.test_covstream" name="test_a_streamed_old_report_without_cov_branch_still_names_the_version[64]" time="0.004" /><testcase classname="tests.unit.test_covstream" name="test_a_truncated_report_is_unreadable_not_empty[{ truncated-17]" time="0.002" /><testcase classname="tests.unit.test_covstream" name="test_one_walk_gives_the_coverage_map_the_dead_lines_and_the_same_digest[None-1048576]" time="0.003" /><testcase classname="tests.unit.test_covstream" name="test_the_merged_walk_still_refuses_an_artifact_measuring_nothing[64]" time="0.002" /><testcase classname="tests.unit.test_covstream" name="test_streamed_coveragepy_equals_the_whole_document_parse[None-3]" time="0.004" /><testcase classname="tests.unit.test_covstream" name="test_a_truncated_report_is_unreadable_not_empty[{&quot;files&quot;: {}} and then some-1048576]" time="0.002" /><testcase classname="tests.unit.test_covstream" name="test_a_malformed_report_is_still_a_loud_error[64]" time="0.002" /><testcase classname="tests.unit.test_covstream" name="test_one_streamed_file_without_regions_leaves_the_others_scored[64]" time="0.003" /><testcase classname="tests.unit.test_covstream" name="test_a_streamed_old_report_without_cov_branch_still_names_the_version[17]" time="0.002" /><testcase classname="tests.unit.test_covstream" name="test_a_truncated_report_is_unreadable_not_empty[{&quot;files&quot;: {}} and then some-2]" time="0.002" /><testcase classname="tests.unit.test_covstream" name="test_one_walk_gives_the_coverage_map_the_dead_lines_and_the_same_digest[None-17]" time="0.003" /><testcase classname="tests.unit.test_covstream" name="test_streamed_coveragepy_equals_the_whole_document_parse[None-1]" time="0.008" /><testcase classname="tests.unit.test_covstream" name="test_an_artifact_measuring_nothing_is_still_a_loud_error[64]" time="0.002" /><testcase classname="tests.unit.test_covstream" name="test_a_lane_nobody_walked_is_still_read_off_the_file" time="0.003" /><testcase classname="tests.unit.test_covstream" name="test_a_truncated_report_is_unreadable_not_empty[{&quot;files&quot;: {}} and then some-17]" time="0.003" /><testcase classname="tests.unit.test_covstream" name="test_streamed_coveragepy_missing_equals_the_whole_document_parse[2]" time="0.005" /><testcase classname="tests.unit.test_covstream" name="test_a_streamed_report_with_no_data_to_divide_by_is_still_refused[64]" time="0.003" /><testcase classname="tests.unit.test_covstream" name="test_a_streamed_old_report_without_cov_branch_still_names_the_version[1048576]" time="0.003" /><testcase classname="tests.unit.test_covstream" name="test_one_streamed_file_without_regions_leaves_the_others_scored[17]" time="0.003" /><testcase classname="tests.unit.test_covstream" name="test_a_malformed_report_is_still_a_loud_error[17]" time="0.002" /><testcase classname="tests.unit.test_covstream" name="test_a_line_stays_dead_only_when_no_lane_ran_it_whichever_route_it_took" time="0.004" /><testcase classname="tests.unit.test_covstream" name="test_streamed_coveragepy_missing_equals_the_whole_document_parse[3]" time="0.004" /><testcase classname="tests.unit.test_covstream" name="test_a_report_without_branch_data_streams_the_same_statement_scores[7]" time="0.003" /><testcase classname="tests.unit.test_covstream" name="test_a_truncated_report_is_unreadable_not_empty[{&quot;files&quot;: {}} and then some-3]" time="0.002" /><testcase classname="tests.unit.test_covstream" name="test_streamed_missing_lines_equal_the_whole_document_parse[1048576]" time="0.003" /><testcase classname="tests.unit.test_covstream" name="test_the_merged_walk_still_refuses_an_artifact_measuring_nothing[17]" time="0.002" /><testcase classname="tests.unit.test_covstream" name="test_a_truncated_report_is_unreadable_not_empty[{ truncated-64]" time="0.003" /><testcase classname="tests.unit.test_covstream" name="test_an_artifact_rewritten_since_the_lane_walked_it_is_read_again" time="0.004" /><testcase classname="tests.unit.test_covstream" name="test_the_merged_digest_is_the_artifacts_own_bytes[2]" time="0.004" /><testcase classname="tests.unit.test_covstream" name="test_an_artifact_measuring_nothing_is_still_a_loud_error[7]" time="0.004" /><testcase classname="tests.unit.test_covstream" name="test_streamed_coveragepy_equals_the_whole_document_parse[1-7]" time="0.005" /><testcase classname="tests.unit.test_covstream" name="test_a_report_written_with_sorted_keys_still_finds_its_branch_flag[1]" time="0.008" /><testcase classname="tests.unit.test_covstream" name="test_streamed_istanbul_equals_the_whole_document_parse[None-3]" time="0.004" /><testcase classname="tests.unit.test_covstream" name="test_streamed_coveragepy_equals_the_whole_document_parse[None-17]" time="0.003" /><testcase classname="tests.unit.test_covstream" name="test_streamed_missing_lines_equal_the_whole_document_parse[3]" time="0.004" /><testcase classname="tests.unit.test_covstream" name="test_the_merged_walk_still_refuses_an_artifact_measuring_nothing[1]" time="0.002" /><testcase classname="tests.unit.test_covstream" name="test_the_walks_fold_answers_once_and_the_next_reader_reads_the_file" time="0.003" /><testcase classname="tests.unit.test_covstream" name="test_the_merged_walk_reports_a_malformed_artifact_the_same_way[1]" time="0.004" /><testcase classname="tests.unit.test_covstream" name="test_one_streamed_file_without_regions_leaves_the_others_scored[7]" time="0.005" /><testcase classname="tests.unit.test_covstream" name="test_streamed_istanbul_equals_the_whole_document_parse[1-2]" time="0.005" /><testcase classname="tests.unit.test_covstream" name="test_a_malformed_report_is_still_a_loud_error[1]" time="0.002" /><testcase classname="tests.unit.test_covstream" name="test_streamed_coveragepy_applies_the_lane_path_prefix[17]" time="0.003" /><testcase classname="tests.unit.test_covstream" name="test_a_truncated_report_is_unreadable_not_empty[[1, 2]-17]" time="0.002" /><testcase classname="tests.unit.test_covstream" name="test_streamed_istanbul_equals_the_whole_document_parse[None-2]" time="0.004" /><testcase classname="tests.unit.test_covstream" name="test_missing_regions_outrank_missing_branch_data_whatever_order_they_are_in[1]" time="0.003" /><testcase classname="tests.unit.test_covstream" name="test_streamed_missing_lines_equal_the_whole_document_parse[2]" time="0.004" /><testcase classname="tests.unit.test_covstream" name="test_a_truncated_report_is_unreadable_not_empty[[1, 2]-7]" time="0.002" /><testcase classname="tests.unit.test_covstream" name="test_a_truncated_report_is_unreadable_not_empty[{ truncated-1]" time="0.002" /><testcase classname="tests.unit.test_covstream" name="test_streamed_istanbul_equals_the_whole_document_parse[1-3]" time="0.004" /><testcase classname="tests.unit.test_covstream" name="test_streamed_coveragepy_applies_the_lane_path_prefix[1]" time="0.008" /><testcase classname="tests.unit.test_covstream" name="test_streamed_missing_lines_equal_the_whole_document_parse[17]" time="0.002" /><testcase classname="tests.unit.test_covstream" name="test_the_merged_digest_is_the_artifacts_own_bytes[3]" time="0.003" /><testcase classname="tests.unit.test_covstream" name="test_the_merged_digest_is_the_artifacts_own_bytes[64]" time="0.002" /><testcase classname="tests.unit.test_covstream" name="test_streamed_coveragepy_equals_the_whole_document_parse[1-64]" time="0.003" /><testcase classname="tests.unit.test_covstream" name="test_a_truncated_report_is_unreadable_not_empty[[1, 2]-1048576]" time="0.002" /><testcase classname="tests.unit.test_covstream" name="test_missing_regions_outrank_missing_branch_data_whatever_order_they_are_in[17]" time="0.002" /><testcase classname="tests.unit.test_covstream" name="test_a_streamed_report_with_no_data_to_divide_by_is_still_refused[7]" time="0.002" /><testcase classname="tests.unit.test_covstream" name="test_the_merged_walk_still_refuses_an_artifact_measuring_nothing[2]" time="0.002" /><testcase classname="tests.unit.test_covstream" name="test_a_malformed_report_is_still_a_loud_error[3]" time="0.002" /><testcase classname="tests.unit.test_covstream" name="test_one_walk_gives_the_coverage_map_the_dead_lines_and_the_same_digest[1-7]" time="0.005" /><testcase classname="tests.unit.test_covstream" name="test_missing_regions_outrank_missing_branch_data_whatever_order_they_are_in[3]" time="0.002" /><testcase classname="tests.unit.test_covstream" name="test_streamed_istanbul_equals_the_whole_document_parse[1-1]" time="0.007" /><testcase classname="tests.unit.test_covstream" name="test_streamed_coveragepy_equals_the_whole_document_parse[None-64]" time="0.003" /><testcase classname="tests.unit.test_covstream" name="test_the_merged_walk_reports_a_malformed_artifact_the_same_way[2]" time="0.002" /><testcase classname="tests.unit.test_covstream" name="test_a_malformed_artifact_is_still_a_loud_error[7]" time="0.002" /><testcase classname="tests.unit.test_covstream" name="test_a_truncated_report_is_unreadable_not_empty[{ truncated-3]" time="0.005" /><testcase classname="tests.unit.test_covstream" name="test_the_merged_digest_is_the_artifacts_own_bytes[1]" time="0.006" /><testcase classname="tests.unit.test_covstream" name="test_streamed_coveragepy_applies_the_lane_path_prefix[3]" time="0.007" /><testcase classname="tests.unit.test_covstream" name="test_a_report_written_with_sorted_keys_still_finds_its_branch_flag[2]" time="0.005" /><testcase classname="tests.unit.test_covstream" name="test_streamed_coveragepy_missing_equals_the_whole_document_parse[1048576]" time="0.003" /><testcase classname="tests.unit.test_covstream" name="test_missing_regions_outrank_missing_branch_data_whatever_order_they_are_in[64]" time="0.002" /><testcase classname="tests.unit.test_covstream" name="test_streamed_coveragepy_applies_the_lane_path_prefix[2]" time="0.005" /><testcase classname="tests.unit.test_covstream" name="test_a_streamed_report_with_no_regions_at_all_is_still_refused[7]" time="0.002" /><testcase classname="tests.unit.test_covstream" name="test_streamed_missing_lines_equal_the_whole_document_parse[64]" time="0.002" /><testcase classname="tests.unit.test_covstream" name="test_streamed_coveragepy_equals_the_whole_document_parse[1-17]" time="0.004" /><testcase classname="tests.unit.test_covstream" name="test_the_merged_digest_is_the_artifacts_own_bytes[17]" time="0.003" /><testcase classname="tests.unit.test_covstream" name="test_a_report_written_with_sorted_keys_still_finds_its_branch_flag[3]" time="0.004" /><testcase classname="tests.unit.test_covstream" name="test_one_walk_gives_the_coverage_map_the_dead_lines_and_the_same_digest[1-1048576]" time="0.004" /><testcase classname="tests.unit.test_covstream" name="test_streamed_missing_lines_equal_the_whole_document_parse[1]" time="0.006" /><testcase classname="tests.unit.test_covstream" name="test_the_merged_walk_still_refuses_an_artifact_measuring_nothing[3]" time="0.002" /><testcase classname="tests.unit.test_covstream" name="test_missing_regions_outrank_missing_branch_data_whatever_order_they_are_in[2]" time="0.005" /><testcase classname="tests.unit.test_covstream" name="test_a_malformed_report_is_still_a_loud_error[2]" time="0.002" /><testcase classname="tests.unit.test_covstream" name="test_streamed_istanbul_equals_the_whole_document_parse[None-1]" time="0.006" /><testcase classname="tests.unit.test_covstream" name="test_an_istanbul_lane_streams_its_artifact_off_the_file" time="0.003" /><testcase classname="tests.unit.test_covstream" name="test_an_artifact_measuring_nothing_is_still_a_loud_error[1048576]" time="0.002" /><testcase classname="tests.unit.test_covstream" name="test_streamed_coveragepy_equals_the_whole_document_parse[1-1048576]" time="0.004" /><testcase classname="tests.unit.test_covstream" name="test_a_truncated_report_is_unreadable_not_empty[[1, 2]-64]" time="0.002" /><testcase classname="tests.unit.test_covstream" name="test_streamed_coveragepy_applies_the_lane_path_prefix[64]" time="0.003" /><testcase classname="tests.unit.test_covstream" name="test_a_truncated_report_is_unreadable_not_empty[{ truncated-2]" time="0.002" /><testcase classname="tests.unit.test_covstream" name="test_the_merged_walk_reports_a_malformed_artifact_the_same_way[3]" time="0.002" /><testcase classname="tests.unit.test_covstream" name="test_a_coveragepy_lane_streams_its_artifact_off_the_file" time="0.003" /><testcase classname="tests.unit.test_covstream" name="test_a_malformed_artifact_is_still_a_loud_error[17]" time="0.004" /><testcase classname="tests.unit.test_covstream" name="test_a_malformed_artifact_is_still_a_loud_error[3]" time="0.003" /><testcase classname="tests.unit.test_covstream" name="test_a_truncated_report_is_unreadable_not_empty[{ truncated-7]" time="0.002" /><testcase classname="tests.unit.test_covstream" name="test_a_truncated_report_is_unreadable_not_empty[[1, 2]-1]" time="0.002" /><testcase classname="tests.unit.test_covstream" name="test_a_malformed_report_is_still_a_loud_error[7]" time="0.002" /><testcase classname="tests.unit.test_covstream" name="test_one_walk_gives_the_coverage_map_the_dead_lines_and_the_same_digest[1-3]" time="0.007" /><testcase classname="tests.unit.test_covstream" name="test_missing_regions_outrank_missing_branch_data_whatever_order_they_are_in[7]" time="0.002" /><testcase classname="tests.unit.test_covstream" name="test_a_streamed_report_with_no_data_to_divide_by_is_still_refused[1]" time="0.003" /><testcase classname="tests.unit.test_covstream" name="test_streamed_istanbul_equals_the_whole_document_parse[1-17]" time="0.003" /><testcase classname="tests.unit.test_covstream" name="test_streamed_coveragepy_applies_the_lane_path_prefix[7]" time="0.004" /><testcase classname="tests.unit.test_covstream" name="test_a_streamed_report_with_no_regions_at_all_is_still_refused[2]" time="0.003" /><testcase classname="tests.unit.test_covstream" name="test_a_report_without_branch_data_streams_the_same_statement_scores[17]" time="0.003" /><testcase classname="tests.unit.test_covstream" name="test_streamed_coveragepy_equals_the_whole_document_parse[1-1]" time="0.014" /><testcase classname="tests.unit.test_covstream" name="test_a_report_written_with_sorted_keys_still_finds_its_branch_flag[7]" time="0.003" /><testcase classname="tests.unit.test_covstream" name="test_an_artifact_measuring_nothing_is_still_a_loud_error[1]" time="0.002" /><testcase classname="tests.unit.test_covstream" name="test_a_truncated_report_is_unreadable_not_empty[{ truncated-1048576]" time="0.003" /><testcase classname="tests.unit.test_covstream" name="test_a_malformed_report_is_still_a_loud_error[1048576]" time="0.002" /><testcase classname="tests.unit.test_covstream" name="test_a_streamed_report_with_no_regions_at_all_is_still_refused[3]" time="0.003" /><testcase classname="tests.unit.test_covstream" name="test_streamed_istanbul_equals_the_whole_document_parse[None-1048576]" time="0.003" /><testcase classname="tests.unit.test_covstream" name="test_the_merged_walk_reports_a_malformed_artifact_the_same_way[7]" time="0.004" /><testcase classname="tests.unit.test_covstream" name="test_a_lane_already_walked_hands_its_dead_lines_over_instead_of_being_reread" time="0.003" /><testcase classname="tests.unit.test_covstream" name="test_one_streamed_file_without_regions_leaves_the_others_scored[1]" time="0.009" /><testcase classname="tests.unit.test_covstream" name="test_a_malformed_artifact_is_still_a_loud_error[2]" time="0.002" /><testcase classname="tests.unit.test_covstream" name="test_the_merged_walk_reports_a_malformed_artifact_the_same_way[17]" time="0.002" /><testcase classname="tests.unit.test_covstream" name="test_the_merged_walk_still_refuses_an_artifact_measuring_nothing[7]" time="0.002" /><testcase classname="tests.unit.test_covstream" name="test_a_streamed_report_with_no_regions_at_all_is_still_refused[64]" time="0.003" /><testcase classname="tests.unit.test_covstream" name="test_one_walk_gives_the_coverage_map_the_dead_lines_and_the_same_digest[1-2]" time="0.010" /><testcase classname="tests.unit.test_covstream" name="test_a_report_without_branch_data_streams_the_same_statement_scores[64]" time="0.002" /><testcase classname="tests.unit.test_covstream" name="test_an_artifact_measuring_nothing_is_still_a_loud_error[3]" time="0.003" /><testcase classname="tests.unit.test_covstream" name="test_a_streamed_report_with_no_data_to_divide_by_is_still_refused[2]" time="0.003" /><testcase classname="tests.unit.test_covstream" name="test_streamed_coveragepy_equals_the_whole_document_parse[1-3]" time="0.005" /><testcase classname="tests.unit.test_covstream" name="test_streamed_istanbul_equals_the_whole_document_parse[1-64]" time="0.003" /><testcase classname="tests.unit.test_covstream" name="test_a_streamed_report_with_no_regions_at_all_is_still_refused[1]" time="0.004" /><testcase classname="tests.unit.test_covstream" name="test_one_streamed_file_without_regions_leaves_the_others_scored[3]" time="0.004" /><testcase classname="tests.unit.test_covstream" name="test_a_malformed_artifact_is_still_a_loud_error[64]" time="0.003" /><testcase classname="tests.unit.test_covstream" name="test_streamed_istanbul_equals_the_whole_document_parse[None-7]" time="0.003" /><testcase classname="tests.unit.test_covstream" name="test_a_truncated_report_is_unreadable_not_empty[[1, 2]-2]" time="0.002" /><testcase classname="tests.unit.test_covstream" name="test_streamed_missing_lines_equal_the_whole_document_parse[7]" time="0.003" /><testcase classname="tests.unit.test_covstream" name="test_a_streamed_report_with_no_regions_at_all_is_still_refused[17]" time="0.002" /><testcase classname="tests.unit.test_covstream" name="test_a_malformed_artifact_is_still_a_loud_error[1]" time="0.002" /><testcase classname="tests.unit.test_covstream" name="test_one_streamed_file_without_regions_leaves_the_others_scored[2]" time="0.005" /><testcase classname="tests.unit.test_covstream" name="test_streamed_istanbul_equals_the_whole_document_parse[1-7]" time="0.003" /><testcase classname="tests.unit.test_covstream" name="test_the_merged_walk_reports_a_malformed_artifact_the_same_way[64]" time="0.002" /><testcase classname="tests.unit.test_covstream" name="test_streamed_istanbul_equals_the_whole_document_parse[1-1048576]" time="0.003" /><testcase classname="tests.unit.test_covstream" name="test_one_walk_gives_the_coverage_map_the_dead_lines_and_the_same_digest[1-1]" time="0.016" /><testcase classname="tests.unit.test_covstream" name="test_a_truncated_report_is_unreadable_not_empty[[1, 2]-3]" time="0.002" /><testcase classname="tests.unit.test_covstream" name="test_an_artifact_measuring_nothing_is_still_a_loud_error[2]" time="0.003" /><testcase classname="tests.unit.test_covstream" name="test_a_streamed_report_with_no_data_to_divide_by_is_still_refused[3]" time="0.003" /><testcase classname="tests.unit.test_covstream" name="test_streamed_coveragepy_equals_the_whole_document_parse[1-2]" time="0.007" /><testcase classname="tests.unit.test_covstream" name="test_the_merged_digest_is_the_artifacts_own_bytes[7]" time="0.004" /><testcase classname="tests.e2e.test_queue_admission_e2e" name="test_the_worklist_floor_still_hides_a_row_at_its_ceiling" time="1.520" /><testcase classname="tests.e2e.test_queue_admission_e2e" name="test_empty_means_nothing_anywhere_is_over_target" time="1.757" /><testcase classname="tests.e2e.test_queue_admission_e2e" name="test_brief_and_next_item_name_the_same_cause_for_null_lines" time="2.374" /><testcase classname="tests.e2e.test_queue_admission_e2e" name="test_a_template_without_files_runs_the_scopes_whole_suite" time="2.727" /><testcase classname="tests.e2e.test_queue_admission_e2e" name="test_a_template_with_files_still_receives_the_named_test_file" time="2.865" /><testcase classname="tests.e2e.test_queue_admission_e2e" name="test_a_no_lane_scope_with_nothing_over_target_reports_zero" time="1.849" /><testcase classname="tests.e2e.test_queue_admission_e2e" name="test_the_queue_hands_out_debt_the_ccn_floor_used_to_hide" time="1.872" /><testcase classname="tests.e2e.test_queue_admission_e2e" name="test_a_per_scope_ceiling_reaches_below_the_pushdown_floor" time="2.005" /><testcase classname="tests.e2e.test_queue_admission_e2e" name="test_the_mcp_tool_carries_every_exclude_fragment_through" time="2.013" /><testcase classname="tests.e2e.test_queue_admission_e2e" name="test_a_no_lane_row_over_target_is_counted_so_the_loop_cannot_stop" time="1.771" /><testcase classname="tests.e2e.test_queue_admission_e2e" name="test_a_cc_only_row_blames_its_own_scope_and_never_a_lane" time="1.718" /><testcase classname="tests.e2e.test_queue_admission_e2e" name="test_naming_a_test_file_under_several_templates_prints_the_working_recipe" time="0.654" /><testcase classname="tests.e2e.test_queue_admission_e2e" name="test_the_worklist_shows_the_debt_that_graded_the_repo_f" time="1.525" /><testcase classname="tests.e2e.test_queue_admission_e2e" name="test_below_floor_stops_counting_the_debt_the_queue_now_hands_out" time="1.696" /><testcase classname="tests.e2e.test_queue_admission_e2e" name="test_one_fragment_in_the_array_leaves_the_other_row_queued" time="2.044" /><testcase classname="tests.e2e.test_queue_admission_e2e" name="test_the_floor_cannot_veto_debt_however_high_it_is" time="1.640" /><testcase classname="tests.e2e.test_worklist_surface_e2e" name="test_release_takes_the_bare_name_as_well_as_the_printed_one" time="2.888" /><testcase classname="tests.e2e.test_worklist_surface_e2e" name="test_batches_without_json_print_one_line_each" time="1.974" /><testcase classname="tests.e2e.test_worklist_surface_e2e" name="test_a_batch_carries_whole_worklist_entries" time="2.056" /><testcase classname="tests.e2e.test_worklist_surface_e2e" name="test_claims_walk_down_the_queue_and_an_all_claimed_queue_says_so" time="3.572" /><testcase classname="tests.e2e.test_worklist_surface_e2e" name="test_verify_keeps_the_claim_on_a_function_still_over_target" time="3.393" /><testcase classname="tests.e2e.test_worklist_surface_e2e" name="test_the_printed_row_shows_the_score_and_the_coverage" time="1.729" /><testcase classname="tests.e2e.test_worklist_surface_e2e" name="test_the_plain_worklist_payload_carries_no_batches_key" time="1.612" /><testcase classname="tests.e2e.test_worklist_surface_e2e" name="test_more_batches_than_units_returns_one_per_unit" time="1.889" /><testcase classname="tests.e2e.test_worklist_surface_e2e" name="test_runs_prune_drops_claims_older_than_the_runs_it_keeps" time="2.655" /><testcase classname="tests.e2e.test_worklist_surface_e2e" name="test_the_same_store_and_history_split_the_same_way_every_time" time="2.715" /><testcase classname="tests.e2e.test_worklist_surface_e2e" name="test_batching_composes_with_the_scope_cut" time="1.993" /><testcase classname="tests.e2e.test_worklist_surface_e2e" name="test_the_header_says_how_many_active_rows_the_cap_hid" time="1.984" /><testcase classname="tests.e2e.test_worklist_surface_e2e" name="test_next_item_scope_flag_picks_the_top_of_that_scope" time="2.562" /><testcase classname="tests.e2e.test_worklist_surface_e2e" name="test_worklist_with_no_runs_names_coverage_first" time="0.524" /><testcase classname="tests.e2e.test_worklist_surface_e2e" name="test_worklist_prefers_the_newest_scored_run_over_a_later_inventory" time="2.575" /><testcase classname="tests.e2e.test_worklist_surface_e2e" name="test_worklist_without_a_scope_flag_holds_every_scope" time="1.558" /><testcase classname="tests.e2e.test_worklist_surface_e2e" name="test_a_batch_count_below_one_is_a_config_error_not_a_traceback" time="1.534" /><testcase classname="tests.e2e.test_worklist_surface_e2e" name="test_a_store_nobody_claimed_in_answers_exactly_as_before" time="2.490" /><testcase classname="tests.e2e.test_worklist_surface_e2e" name="test_a_one_commit_repo_ranks_by_complexity_instead_of_risk_zero" time="2.047" /><testcase classname="tests.e2e.test_worklist_surface_e2e" name="test_next_item_below_floor_count_follows_the_scope_cut" time="1.727" /><testcase classname="tests.e2e.test_worklist_surface_e2e" name="test_release_all_empties_the_claim_table" time="3.663" /><testcase classname="tests.e2e.test_worklist_surface_e2e" name="test_claims_lists_what_a_claiming_session_holds" time="2.365" /><testcase classname="tests.e2e.test_worklist_surface_e2e" name="test_twins_carry_their_own_marks_and_never_each_others" time="2.264" /><testcase classname="tests.e2e.test_worklist_surface_e2e" name="test_the_json_carries_the_active_total_beside_the_capped_list" time="1.646" /><testcase classname="tests.e2e.test_worklist_surface_e2e" name="test_worklist_scope_flag_cuts_to_the_named_scopes" time="1.974" /><testcase classname="tests.e2e.test_worklist_surface_e2e" name="test_one_actionable_candidate_keeps_the_queue_answering" time="1.661" /><testcase classname="tests.e2e.test_worklist_surface_e2e" name="test_every_worklist_row_carries_the_crap_score_and_the_coverage" time="1.620" /><testcase classname="tests.e2e.test_worklist_surface_e2e" name="test_claims_without_json_prints_the_open_claims" time="2.090" /><testcase classname="tests.e2e.test_worklist_surface_e2e" name="test_every_row_carries_its_ratchet_mark_once_the_repo_signs_for_one" time="2.513" /><testcase classname="tests.e2e.test_worklist_surface_e2e" name="test_releasing_a_claim_hands_the_item_back_to_the_queue" time="3.779" /><testcase classname="tests.e2e.test_worklist_surface_e2e" name="test_a_finished_queue_hands_nothing_out_so_claiming_it_hides_nothing" time="2.126" /><testcase classname="tests.e2e.test_worklist_surface_e2e" name="test_next_item_scope_and_exclude_compose" time="1.655" /><testcase classname="tests.e2e.test_worklist_surface_e2e" name="test_release_without_a_path_and_name_says_what_it_needs" time="1.601" /><testcase classname="tests.e2e.test_worklist_surface_e2e" name="test_releasing_a_claim_nobody_holds_says_what_is_held" time="2.182" /><testcase classname="tests.e2e.test_worklist_surface_e2e" name="test_verify_releases_the_claim_on_a_function_back_under_target" time="3.831" /><testcase classname="tests.e2e.test_worklist_surface_e2e" name="test_worklist_scope_nobody_declared_is_a_configuration_error" time="1.511" /><testcase classname="tests.e2e.test_worklist_surface_e2e" name="test_a_queue_whose_every_candidate_sits_at_target_is_empty" time="1.722" /><testcase classname="tests.e2e.test_worklist_surface_e2e" name="test_worklist_scope_holding_nothing_is_empty_not_everything" time="1.799" /><testcase classname="tests.e2e.test_worklist_surface_e2e" name="test_batches_hold_co_changing_files_together_and_share_no_file" time="1.865" /><testcase classname="tests.e2e.test_worklist_surface_e2e" name="test_next_item_scope_nobody_declared_is_a_configuration_error" time="1.481" /><testcase classname="tests.e2e.test_worklist_surface_e2e" name="test_claiming_the_top_item_hands_the_next_session_the_one_below" time="2.276" /><testcase classname="tests.e2e.test_worklist_surface_e2e" name="test_batches_are_added_to_the_worklist_payload_not_swapped_for_it" time="2.873" /><testcase classname="tests.unit.test_release_tool" name="test_notes_is_the_changelog_section_between_two_headings" time="0.011" /><testcase classname="tests.unit.test_release_tool" name="test_check_refuses_a_changelog_with_no_unreleased_heading_for_the_version" time="0.008" /><testcase classname="tests.unit.test_release_tool" name="test_verify_asks_the_version_specific_pypi_endpoint_not_the_cached_project_page" time="0.008" /><testcase classname="tests.unit.test_release_tool" name="test_check_refuses_a_version_that_does_not_move_forward" time="0.007" /><testcase classname="tests.unit.test_release_tool" name="test_check_passes_on_a_tree_whose_surfaces_agree" time="0.006" /><testcase classname="tests.unit.test_release_tool" name="test_check_names_the_surface_whose_count_is_off" time="0.056" /><testcase classname="tests.unit.test_release_tool" name="test_the_version_line_is_asked_never_inferred" time="0.004" /><testcase classname="tests.unit.test_release_tool" name="test_the_verify_step_is_marked_as_its_own_background_command" time="0.001" /><testcase classname="tests.unit.test_release_tool" name="test_verify_reads_every_surface_and_passes_when_they_agree" time="0.013" /><testcase classname="tests.unit.test_release_tool" name="test_the_cli_check_reports_and_exits_nonzero_on_a_bad_tree" time="0.011" /><testcase classname="tests.unit.test_release_tool" name="test_the_plan_orders_the_chain_the_way_the_contracts_require" time="0.001" /><testcase classname="tests.unit.test_release_tool" name="test_bump_rewrites_every_surface_and_dates_the_heading" time="0.009" /><testcase classname="tests.unit.test_release_tool" name="test_bump_refuses_a_tree_check_would_refuse" time="0.007" /><testcase classname="tests.unit.test_release_tool" name="test_the_table_names_every_surface_a_release_touches" time="0.001" /><testcase classname="tests.unit.test_release_tool" name="test_the_cli_dry_run_prints_every_command_and_runs_none" time="0.009" /><testcase classname="tests.unit.test_release_tool" name="test_verify_flags_the_one_surface_that_serves_another_version" time="0.009" /><testcase classname="tests.unit.test_ratchet_tighten_damping" name="test_a_measurement_that_jumped_on_one_commit_does_not_tighten_the_mark" time="0.001" /><testcase classname="tests.unit.test_ratchet_tighten_damping" name="test_an_unmarked_function_is_never_a_refusal" time="0.001" /><testcase classname="tests.unit.test_ratchet_tighten_damping" name="test_a_stricter_factor_refuses_a_smaller_move" time="0.001" /><testcase classname="tests.unit.test_ratchet_tighten_damping" name="test_a_held_mark_is_not_dropped_by_a_run_that_reads_under_the_ceiling" time="0.001" /><testcase classname="tests.unit.test_ratchet_tighten_damping" name="test_the_refusal_line_names_the_function_and_both_values" time="0.001" /><testcase classname="tests.unit.test_ratchet_tighten_damping" name="test_the_factor_is_read_off_the_config" time="0.001" /><testcase classname="tests.unit.test_ratchet_tighten_damping" name="test_a_function_the_earlier_run_never_scored_is_not_damped" time="0.001" /><testcase classname="tests.unit.test_ratchet_tighten_damping" name="test_a_stable_improvement_still_tightens" time="0.001" /><testcase classname="tests.unit.test_ratchet_tighten_damping" name="test_marks_are_compared_at_the_precision_they_are_stored_at" time="0.001" /><testcase classname="tests.unit.test_ratchet_tighten_damping" name="test_a_factor_under_one_is_a_config_error[0.5]" time="0.001" /><testcase classname="tests.unit.test_ratchet_tighten_damping" name="test_the_factor_is_the_edge_and_the_edge_still_tightens" time="0.001" /><testcase classname="tests.unit.test_ratchet_tighten_damping" name="test_the_worst_row_is_what_the_jump_is_measured_against" time="0.001" /><testcase classname="tests.unit.test_ratchet_tighten_damping" name="test_the_default_factor_is_two" time="0.001" /><testcase classname="tests.unit.test_ratchet_tighten_damping" name="test_the_lucky_run_cannot_pull_the_mark_down_either" time="0.001" /><testcase classname="tests.unit.test_ratchet_tighten_damping" name="test_a_factor_under_one_is_a_config_error[2]" time="0.001" /><testcase classname="tests.unit.test_ratchet_tighten_damping" name="test_a_factor_under_one_is_a_config_error[True]" time="0.001" /><testcase classname="tests.unit.test_ratchet_tighten_damping" name="test_a_factor_under_one_is_a_config_error[0]" time="0.001" /><testcase classname="tests.unit.test_ratchet_tighten_damping" name="test_a_move_inside_the_factor_still_tightens" time="0.001" /><testcase classname="tests.unit.test_shell_admission" name="test_crapkit_reads_the_hand_counted_ccn_off_a_shell_file" time="0.006" /><testcase classname="tests.unit.test_shell_admission" name="test_both_shell_extensions_join_the_scope" time="0.001" /><testcase classname="tests.unit.test_shell_admission" name="test_the_dotted_test_spellings_are_already_excluded_and_need_no_new_glob" time="0.001" /><testcase classname="tests.unit.test_shell_admission" name="test_init_sniffs_a_shell_directory_as_a_shell_scope" time="0.002" /><testcase classname="tests.unit.test_shell_admission" name="test_importing_the_analysis_module_alone_registers_the_shell_reader" time="0.488" /><testcase classname="tests.unit.test_shell_admission" name="test_a_shell_scope_can_be_coverage_optional" time="0.001" /><testcase classname="tests.unit.test_shell_admission" name="test_a_scope_can_declare_shell" time="0.001" /><testcase classname="tests.unit.test_shell_admission" name="test_init_never_proposes_a_dotted_shell_test_as_source" time="0.001" /><testcase classname="tests.unit.test_shell_admission" name="test_top_level_script_code_is_not_reported_as_a_function" time="0.001" /><testcase classname="tests.unit.test_shell_admission" name="test_bash_resolves_to_the_shell_reader_too" time="0.494" /><testcase classname="tests.unit.test_version_surface" name="test_the_parser_serves_that_line_and_exits_zero" time="0.028" /><testcase classname="tests.unit.test_version_surface" name="test_building_the_parser_costs_no_distribution_lookup" time="0.017" /><testcase classname="tests.unit.test_version_surface" name="test_the_line_leads_with_the_program_name" time="0.001" /><testcase classname="tests.unit.test_version_surface" name="test_a_source_tree_with_nothing_installed_falls_back_to_the_package" time="0.001" /><testcase classname="tests.unit.test_version_surface" name="test_the_number_comes_from_the_installed_distribution" time="0.001" /><testcase classname="tests.unit.test_scoring_policy" name="test_a_coverage_optional_scope_scores_cc_only_at_its_own_ccn" time="0.000" /><testcase classname="tests.unit.test_scoring_policy" name="test_a_per_scope_target_decides_the_cc_only_remedy" time="0.000" /><testcase classname="tests.unit.test_scoring_policy" name="test_cc_only_wins_over_no_lane_so_the_scope_needs_no_lane" time="0.000" /><testcase classname="tests.unit.test_scoring_policy" name="test_a_cc_only_function_under_the_ceiling_is_ok_never_add_tests" time="0.000" /><testcase classname="tests.unit.test_scoring_policy" name="test_coverage_optional_defaults_false_and_parses_true" time="0.001" /><testcase classname="tests.unit.test_scoring_policy" name="test_the_rescore_overlay_scores_cc_only_scopes_the_same_way" time="0.001" /><testcase classname="tests.unit.test_scoring_policy" name="test_other_scopes_keep_the_coverage_join_when_one_scope_is_cc_only" time="0.000" /><testcase classname="tests.unit.test_scoring_policy" name="test_the_config_names_its_coverage_optional_scopes" time="0.001" /><testcase classname="tests.unit.test_scoring_policy" name="test_max_file_bytes_parses_and_defaults_to_no_limit" time="0.001" /><testcase classname="tests.unit.test_scoring_policy" name="test_the_new_keys_are_known_to_both_doctor_and_the_schema" time="0.001" /><testcase classname="tests.unit.test_scoring_policy" name="test_max_file_bytes_rejects_a_non_integer" time="0.001" /><testcase classname="tests.unit.test_coverage_istanbul" name="test_branch_coverage_maps_into_function_spans" time="0.003" /><testcase classname="tests.unit.test_coverage_istanbul" name="test_malformed_artifact_is_a_loud_error" time="0.003" /><testcase classname="tests.unit.test_coverage_istanbul" name="test_empty_artifact_is_a_loud_error_not_a_silent_all_untested" time="0.002" /><testcase classname="tests.unit.test_coverage_istanbul" name="test_zero_branch_function_coverage_comes_from_invocation" time="0.003" /><testcase classname="tests.unit.test_coverage_istanbul" name="test_paths_are_repo_relative_forward_slash" time="0.003" /><testcase classname="tests.unit.test_coverage_istanbul" name="test_branches_attach_to_the_innermost_containing_function" time="0.002" /><testcase classname="tests.unit.test_cache_stream" name="test_unsorted_keys_still_land_sorted" time="0.003" /><testcase classname="tests.unit.test_cache_stream" name="test_no_call_serializes_the_whole_document" time="0.003" /><testcase classname="tests.unit.test_cache_stream" name="test_writing_the_same_cache_twice_produces_the_same_bytes" time="0.004" /><testcase classname="tests.unit.test_cache_stream" name="test_a_name_that_needs_escaping_is_escaped_the_same_way" time="0.004" /><testcase classname="tests.unit.test_cache_stream" name="test_the_file_still_round_trips_through_load_cache" time="0.004" /><testcase classname="tests.unit.test_cache_stream" name="test_the_written_bytes_match_the_whole_document_dump" time="0.003" /><testcase classname="tests.unit.test_cache_stream" name="test_an_empty_cache_writes_an_empty_document" time="0.002" /><testcase classname="tests.unit.test_pytest_config_shared" name="test_setup_and_runtime_select_the_same_testpaths[files0-expected0]" time="0.003" /><testcase classname="tests.unit.test_pytest_config_shared" name="test_setup_and_runtime_select_the_same_testpaths[files4-expected4]" time="0.003" /><testcase classname="tests.unit.test_pytest_config_shared" name="test_setup_and_runtime_select_the_same_testpaths[files3-expected3]" time="0.003" /><testcase classname="tests.unit.test_pytest_config_shared" name="test_setup_and_runtime_select_the_same_testpaths[files1-expected1]" time="0.003" /><testcase classname="tests.unit.test_pytest_config_shared" name="test_setup_and_runtime_select_the_same_testpaths[files5-expected5]" time="0.004" /><testcase classname="tests.unit.test_pytest_config_shared" name="test_setup_and_runtime_select_the_same_testpaths[files2-expected2]" time="0.004" /><testcase classname="tests.unit.test_doctor_scope_files" name="test_a_scope_matching_nothing_fails_and_stays_plural" time="0.001" /><testcase classname="tests.unit.test_doctor_scope_files" name="test_a_scope_holding_one_file_counts_it_in_the_singular" time="0.000" /><testcase classname="tests.unit.test_doctor_scope_files" name="test_show_files_still_trails_each_scope_with_its_paths" time="0.001" /><testcase classname="tests.unit.test_doctor_scope_files" name="test_a_scope_holding_more_than_one_stays_plural" time="0.001" /><testcase classname="tests.unit.test_claims" name="test_prune_with_no_kept_runs_drops_nothing" time="0.038" /><testcase classname="tests.unit.test_claims" name="test_closable_ids_come_back_sorted_whatever_order_the_claims_arrive_in" time="0.001" /><testcase classname="tests.unit.test_claims" name="test_a_function_back_under_its_ceiling_releases_its_claim" time="0.001" /><testcase classname="tests.unit.test_claims" name="test_closing_a_claim_takes_it_out_of_the_open_set" time="0.039" /><testcase classname="tests.unit.test_claims" name="test_the_ceiling_is_the_functions_own_scope_ceiling" time="0.001" /><testcase classname="tests.unit.test_claims" name="test_open_claims_are_ordered_by_id_so_two_reads_agree" time="0.043" /><testcase classname="tests.unit.test_claims" name="test_the_attempts_table_lands_on_a_store_that_predates_it" time="0.045" /><testcase classname="tests.unit.test_claims" name="test_a_claim_survives_a_reopen_and_reads_back_whole" time="0.036" /><testcase classname="tests.unit.test_claims" name="test_prune_drops_claims_older_than_the_oldest_kept_run" time="0.051" /><testcase classname="tests.unit.test_claims" name="test_a_claim_taken_on_a_commit_that_left_history_is_released" time="0.001" /><testcase classname="tests.unit.test_claims" name="test_closing_the_same_claim_twice_closes_nothing_the_second_time" time="0.048" /><testcase classname="tests.unit.test_claims" name="test_a_claim_on_a_function_the_run_never_scored_stays_open" time="0.001" /><testcase classname="tests.e2e.test_analysis_cmds_gaps" name="test_coupling_names_a_non_ascii_path_the_way_ls_files_spells_it" time="1.369" /><testcase classname="tests.e2e.test_analysis_cmds_gaps" name="test_duplication_refuses_a_store_holding_only_hook_runs" time="0.529" /><testcase classname="tests.e2e.test_analysis_cmds_gaps" name="test_coupling_plain_output_names_both_sides" time="1.275" /><testcase classname="tests.e2e.test_analysis_cmds_gaps" name="test_coupling_never_recommends_a_path_git_stopped_tracking" time="1.555" /><testcase classname="tests.e2e.test_analysis_cmds_gaps" name="test_duplication_says_when_no_function_is_long_enough" time="1.204" /><testcase classname="tests.e2e.test_analysis_cmds_gaps" name="test_snapshot_mtimes_keeps_present_files_and_drops_missing_ones" time="0.003" /><testcase classname="tests.e2e.test_analysis_cmds_gaps" name="test_duplication_json_leaves_a_closure_out_of_its_factorys_pairs" time="1.085" /><testcase classname="tests.e2e.test_analysis_cmds_gaps" name="test_runs_prune_drops_the_pruned_runs_from_runs_and_trend" time="1.742" /><testcase classname="tests.e2e.test_analysis_cmds_gaps" name="test_snapshot_mtimes_ignores_directories_and_an_empty_file_list" time="0.003" /><testcase classname="tests.e2e.test_analysis_cmds_gaps" name="test_mutate_scopes_to_the_working_tree_diff_and_caps_the_list" time="1.613" /><testcase classname="tests.e2e.test_analysis_cmds_gaps" name="test_coupling_json_reports_the_co_changing_pair" time="1.422" /><testcase classname="tests.e2e.test_analysis_cmds_gaps" name="test_runs_prune_refuses_a_keep_of_zero" time="0.890" /><testcase classname="tests.e2e.test_analysis_cmds_gaps" name="test_duplication_json_pairs_the_two_clones" time="1.153" /><testcase classname="tests.e2e.test_analysis_cmds_gaps" name="test_runs_without_an_action_still_lists" time="0.471" /><testcase classname="tests.e2e.test_analysis_cmds_gaps" name="test_mutate_json_stays_well_formed_with_zero_mutants" time="0.609" /><testcase classname="tests.e2e.test_analysis_cmds_gaps" name="test_coupling_says_when_nothing_clears_the_thresholds" time="1.180" /><testcase classname="tests.e2e.test_analysis_cmds_gaps" name="test_mutate_reports_nothing_to_mutate_for_absent_and_operator_free_files" time="0.583" /><testcase classname="tests.e2e.test_analysis_cmds_gaps" name="test_duplication_plain_output_shows_both_functions" time="1.171" /><testcase classname="tests.e2e.test_analysis_cmds_gaps" name="test_runs_prune_keeps_the_digest_pair_and_leaves_the_digest_unchanged" time="1.464" /><testcase classname="tests.unit.test_gitio_head" name="test_a_detached_head_is_the_sha_in_the_head_file" time="0.287" /><testcase classname="tests.unit.test_gitio_head" name="test_a_branch_head_is_read_from_the_ref_file" time="0.128" /><testcase classname="tests.unit.test_gitio_head" name="test_a_root_below_the_repo_top_reads_head_without_a_spawn" time="0.125" /><testcase classname="tests.unit.test_gitio_head" name="test_a_directory_that_is_not_a_repo_still_raises" time="0.029" /><testcase classname="tests.unit.test_gitio_head" name="test_a_head_file_holding_nonsense_falls_back_to_git" time="0.125" /><testcase classname="tests.unit.test_gitio_head" name="test_a_root_inside_a_submodule_stops_at_the_submodules_own_git" time="0.266" /><testcase classname="tests.unit.test_gitio_head" name="test_a_symref_chain_falls_back_to_git" time="0.205" /><testcase classname="tests.unit.test_gitio_head" name="test_a_worktree_on_a_branch_reads_the_shared_ref" time="0.225" /><testcase classname="tests.unit.test_gitio_head" name="test_a_worktrees_git_file_points_at_its_own_head" time="0.255" /><testcase classname="tests.unit.test_gitio_head" name="test_a_packed_ref_is_found_without_a_spawn" time="0.161" /><testcase classname="tests.unit.test_store_scopes" name="test_no_scopes_named_reads_every_scope" time="0.040" /><testcase classname="tests.unit.test_store_scopes" name="test_scope_names_are_bound_as_parameters_not_pasted_in" time="0.035" /><testcase classname="tests.unit.test_store_scopes" name="test_scored_read_filters_by_scope_alongside_the_ccn_floor" time="0.038" /><testcase classname="tests.unit.test_store_scopes" name="test_below_floor_count_is_scoped_too_or_an_empty_queue_lies" time="0.040" /><testcase classname="tests.unit.test_store_scopes" name="test_inventory_read_keeps_only_the_named_scopes" time="0.034" /><testcase classname="tests.unit.test_store_scopes" name="test_a_scope_nobody_declared_reads_empty_rather_than_everything" time="0.035" /><testcase classname="tests.unit.test_config_shape" name="test_config_replaces_one_field_and_keeps_the_rest" time="0.001" /><testcase classname="tests.unit.test_config_shape" name="test_the_derived_views_still_read_off_the_scopes" time="0.002" /><testcase classname="tests.unit.test_config_shape" name="test_two_configs_with_the_same_fields_are_equal" time="0.002" /><testcase classname="tests.unit.test_config_shape" name="test_scope_and_lane_replace_too" time="0.001" /><testcase classname="tests.unit.test_config_shape" name="test_the_defaults_survive_the_move" time="0.001" /><testcase classname="tests.unit.test_config_shape" name="test_the_field_names_and_order_are_the_ones_the_config_declared" time="0.001" /><testcase classname="tests.unit.test_config_shape" name="test_the_probe_child_stays_untraced_under_coverages_subprocess_patch" time="0.074" /><testcase classname="tests.unit.test_config_shape" name="test_reading_the_config_module_costs_no_dataclasses_import" time="0.059" /><testcase classname="tests.unit.test_hook_snippet_contract" name="test_every_page_that_documents_the_bash_half_carries_one" time="0.001" /><testcase classname="tests.unit.test_hook_snippet_contract" name="test_the_snippet_registers_one_bash_posttooluse_entry[CHANGELOG.md#1]" time="0.001" /><testcase classname="tests.unit.test_hook_snippet_contract" name="test_the_snippet_runs_what_the_shipped_manifest_runs[CHANGELOG.md#1]" time="0.002" /><testcase classname="tests.unit.test_hook_snippet_contract" name="test_the_shipped_manifest_is_the_edit_write_half" time="0.001" /><testcase classname="tests.unit.test_hook_snippet_contract" name="test_the_snippet_runs_what_the_shipped_manifest_runs[docs/agent-json.md#1]" time="0.001" /><testcase classname="tests.unit.test_hook_snippet_contract" name="test_the_snippet_registers_one_bash_posttooluse_entry[README.md#1]" time="0.001" /><testcase classname="tests.unit.test_hook_snippet_contract" name="test_the_snippet_registers_one_bash_posttooluse_entry[docs/agent-json.md#1]" time="0.001" /><testcase classname="tests.unit.test_hook_snippet_contract" name="test_the_snippet_runs_what_the_shipped_manifest_runs[README.md#1]" time="0.001" /><testcase classname="tests.unit.test_cli_docs_contract" name="test_the_lane_help_names_the_command_that_completes_a_partial_run" time="0.023" /><testcase classname="tests.unit.test_cli_docs_contract" name="test_the_readme_is_read_once_for_the_whole_module" time="0.001" /><testcase classname="tests.unit.test_cli_docs_contract" name="test_doctor_takes_the_plugin_root_flag_the_readme_documents" time="0.001" /><testcase classname="tests.unit.test_cli_docs_contract" name="test_the_table_is_read_from_the_subcommands_section_alone" time="0.000" /><testcase classname="tests.unit.test_cli_docs_contract" name="test_brief_takes_the_batch_flag_the_readme_documents" time="0.000" /><testcase classname="tests.unit.test_cli_docs_contract" name="test_explain_takes_the_json_flag_the_readme_documents" time="0.000" /><testcase classname="tests.unit.test_cli_docs_contract" name="test_the_mutate_files_help_says_a_file_outside_the_corpus_is_skipped" time="0.000" /><testcase classname="tests.unit.test_cli_docs_contract" name="test_the_readme_documents_no_subcommand_the_parser_lacks" time="0.001" /><testcase classname="tests.unit.test_cli_docs_contract" name="test_the_readme_documents_every_subcommand_the_parser_defines" time="0.000" /><testcase classname="tests.unit.test_cli_docs_contract" name="test_the_parser_is_built_once_for_the_whole_module" time="0.019" /><testcase classname="tests.unit.test_cli_docs_contract" name="test_the_gate_help_names_the_exemption_the_gate_applies" time="0.027" /><testcase classname="tests.unit.test_lanes" name="test_reuse_artifacts_reads_a_coveragepy_artifact_inside_a_container" time="0.003" /><testcase classname="tests.unit.test_lanes" name="test_a_cause_only_the_superseded_attempt_had_is_not_hoisted" time="0.003" /><testcase classname="tests.unit.test_lanes" name="test_the_refusal_names_the_log_file_that_holds_the_whole_story" time="0.004" /><testcase classname="tests.unit.test_lanes" name="test_failing_lane_error_carries_stderr_tail_and_log_file" time="0.414" /><testcase classname="tests.unit.test_lanes" name="test_a_reused_artifact_that_is_gone_names_the_log_too" time="0.003" /><testcase classname="tests.unit.test_lanes" name="test_a_lane_that_starts_with_pytest_itself_names_no_interpreter" time="0.002" /><testcase classname="tests.unit.test_lanes" name="test_a_cause_line_too_long_to_show_whole_keeps_its_end" time="0.003" /><testcase classname="tests.unit.test_lanes" name="test_no_private_project_namespace_ships_in_the_library" time="0.003" /><testcase classname="tests.unit.test_lanes" name="test_the_stale_artifact_refusal_still_carries_the_log_and_its_tail" time="0.381" /><testcase classname="tests.unit.test_lanes" name="test_a_managed_lane_is_not_handed_a_pip_line_through_its_manager" time="0.003" /><testcase classname="tests.unit.test_lanes" name="test_a_rerun_that_writes_the_same_bytes_is_still_this_run_s_artifact" time="0.456" /><testcase classname="tests.unit.test_lanes" name="test_the_pytest_cov_hint_names_the_interpreter_the_lane_runs" time="0.004" /><testcase classname="tests.unit.test_lanes" name="test_the_pytest_cov_hint_still_fires_through_the_new_tail" time="0.004" /><testcase classname="tests.unit.test_lanes" name="test_one_line_longer_than_the_budget_says_it_was_cut" time="0.004" /><testcase classname="tests.unit.test_lanes" name="test_lane_env_reaches_the_command" time="0.444" /><testcase classname="tests.unit.test_lanes" name="test_a_refusal_with_no_log_at_all_still_names_where_it_would_be" time="0.003" /><testcase classname="tests.unit.test_lanes" name="test_a_lane_that_runs_and_writes_nothing_names_its_log_too" time="0.371" /><testcase classname="tests.unit.test_lanes" name="test_the_tail_begins_at_a_line_boundary" time="0.003" /><testcase classname="tests.unit.test_lanes" name="test_a_junit_the_run_did_not_rewrite_is_the_previous_run_s_too" time="0.368" /><testcase classname="tests.unit.test_lanes" name="test_container_ok_lane_is_allowed_through_the_guard" time="0.381" /><testcase classname="tests.unit.test_lanes" name="test_a_missing_artifact_beside_a_stale_junit_still_names_the_artifact" time="0.369" /><testcase classname="tests.unit.test_lanes" name="test_the_reason_survives_a_summary_block_long_enough_to_bury_it" time="0.003" /><testcase classname="tests.unit.test_lanes" name="test_coveragepy_lane_refuses_to_run_inside_a_container" time="0.004" /><testcase classname="tests.unit.test_lanes" name="test_a_quoted_interpreter_path_reaches_the_hint_as_one_word" time="0.003" /><testcase classname="tests.unit.test_lanes" name="test_a_line_that_merely_quotes_the_banner_does_not_start_an_attempt" time="0.003" /><testcase classname="tests.unit.test_lanes" name="test_a_coverage_run_lane_is_not_handed_a_coverage_pip_line" time="0.003" /><testcase classname="tests.unit.t
[...]
ame="test_type_argument_angles_never_become_mutants[typescript-const values: Array&lt;string&gt; = [];]" time="0.002" /><testcase classname="tests.unit.test_mutate_type_angles" name="test_type_argument_angles_never_become_mutants[typescript-const x = factory&lt;number&gt;();]" time="0.001" /><testcase classname="tests.unit.test_mutate_type_angles" name="test_comparisons_keep_their_mutants_when_angles_are_unrelated[typescript]" time="0.001" /><testcase classname="tests.unit.test_mutate_type_angles" name="test_unresolved_type_or_comparison_angles_are_refused[typescript]" time="0.001" /><testcase classname="tests.unit.test_mutate_type_angles" name="test_comparisons_keep_their_mutants_when_angles_are_unrelated[rust]" time="0.001" /><testcase classname="tests.unit.test_mutate_type_angles" name="test_a_cast_between_comparisons_does_not_make_their_angles_types" time="0.004" /><testcase classname="tests.unit.test_mutate_type_angles" name="test_types_and_comparisons_can_share_a_line" time="0.003" /><testcase classname="tests.unit.test_mutate_type_angles" name="test_separate_statements_do_not_pair_comparisons_across_a_type_declaration" time="0.001" /><testcase classname="tests.unit.test_mutate_type_angles" name="test_type_argument_angles_never_become_mutants[java-class A { List&lt;List&lt;String&gt;&gt; values; }]" time="0.001" /><testcase classname="tests.unit.test_mutate_type_angles" name="test_type_argument_angles_never_become_mutants[rust-fn f(value: Vec&lt;String&gt;) {}]" time="0.001" /><testcase classname="tests.unit.test_mutate_type_angles" name="test_unresolved_type_or_comparison_angles_are_refused[rust]" time="0.001" /><testcase classname="tests.unit.test_mutate_type_angles" name="test_unresolved_type_or_comparison_angles_are_refused[cpp]" time="0.001" /><testcase classname="tests.unit.test_mutate_type_angles" name="test_type_argument_angles_never_become_mutants[cpp-std::map&lt;int, std::vector&lt;int&gt;&gt; values;]" time="0.001" /><testcase classname="tests.unit.test_mutate_type_angles" name="test_type_argument_angles_never_become_mutants[typescript-const values: Map&lt;string, Array&lt;number&gt;&gt; = new Map();]" time="0.001" /><testcase classname="tests.unit.test_churn_log" name="test_a_second_read_at_the_same_head_never_walks_the_window" time="0.007" /><testcase classname="tests.unit.test_churn_log" name="test_a_new_utc_day_costs_no_walk_at_all" time="0.011" /><testcase classname="tests.unit.test_churn_log" name="test_commits_below_the_window_floor_drop_out_on_a_refresh" time="0.007" /><testcase classname="tests.unit.test_churn_log" name="test_the_cache_file_is_deflate_and_keeps_the_commit_date" time="0.006" /><testcase classname="tests.unit.test_churn_log" name="test_a_refresh_matches_the_full_rebuild_it_replaces" time="0.008" /><testcase classname="tests.unit.test_churn_log" name="test_a_log_without_the_paths_marker_is_never_served_or_refreshed" time="0.007" /><testcase classname="tests.unit.test_churn_log" name="test_a_torn_cache_reads_as_cold" time="0.007" /><testcase classname="tests.unit.test_churn_log" name="test_the_served_lines_carry_no_commit_date" time="0.010" /><testcase classname="tests.unit.test_churn_log" name="test_an_unreadable_head_still_answers_and_writes_nothing" time="0.006" /><testcase classname="tests.unit.test_churn_log" name="test_a_reader_that_stops_early_leaves_no_cache" time="0.007" /><testcase classname="tests.unit.test_churn_log" name="test_a_warm_log_under_the_old_name_is_adopted_not_rewalked" time="0.006" /><testcase classname="tests.unit.test_churn_log" name="test_the_refreshed_cache_is_served_at_the_new_head" time="0.007" /><testcase classname="tests.unit.test_churn_log" name="test_the_old_pair_is_swept_once_a_v2_log_exists" time="0.009" /><testcase classname="tests.unit.test_churn_log" name="test_a_different_window_rebuilds" time="0.012" /><testcase classname="tests.unit.test_churn_log" name="test_a_head_the_cache_is_not_behind_rebuilds" time="0.007" /><testcase classname="tests.unit.test_churn_log" name="test_a_moved_head_walks_only_the_new_commits" time="0.007" /><testcase classname="tests.unit.test_churn_log" name="test_the_key_file_records_what_it_keys_on" time="0.006" /><testcase classname="tests.e2e.test_root_scope_e2e" name="test_root_scope_command_scores_tracked_root_source[coverage]" time="0.743" /><testcase classname="tests.e2e.test_root_scope_e2e" name="test_root_scope_command_scores_tracked_root_source[inventory]" time="0.802" /><testcase classname="tests.unit.test_scored_run_fields" name="test_the_positions_still_unpack_in_the_order_callers_read_them" time="0.001" /><testcase classname="tests.unit.test_scored_run_fields" name="test_a_failed_lane_and_a_failed_test_are_separate_fields" time="0.001" /><testcase classname="tests.unit.test_scored_run_fields" name="test_each_field_holds_what_its_name_says" time="0.001" /><testcase classname="tests.unit.test_scored_run_fields" name="test_a_scored_run_names_its_fields" time="0.001" /><testcase classname="tests.unit.test_verify_gate_marks" name="test_a_touched_function_at_its_mark_is_signed_debt_not_a_violation" time="0.001" /><testcase classname="tests.unit.test_verify_gate_marks" name="test_the_mark_is_compared_at_the_precision_it_is_stored_at" time="0.001" /><testcase classname="tests.unit.test_verify_gate_marks" name="test_above_its_mark_fails_the_gate_as_rescore_would_and_the_ratchet_beside_it" time="0.001" /><testcase classname="tests.unit.test_verify_gate_marks" name="test_under_its_mark_passes_too" time="0.001" /><testcase classname="tests.unit.test_verify_gate_marks" name="test_a_mark_on_another_function_exempts_nothing" time="0.001" /><testcase classname="tests.unit.test_ratchet_move" name="test_move_of_a_directory_prefix_carries_the_whole_subtree" time="0.001" /><testcase classname="tests.unit.test_ratchet_move" name="test_an_exact_path_never_matches_a_prefix" time="0.001" /><testcase classname="tests.unit.test_ratchet_move" name="test_follow_renames_leaves_a_mark_whose_function_is_still_at_its_old_path" time="0.001" /><testcase classname="tests.unit.test_ratchet_move" name="test_move_reports_zero_when_nothing_matches" time="0.001" /><testcase classname="tests.unit.test_ratchet_move" name="test_follow_renames_without_a_rename_map_changes_nothing" time="0.001" /><testcase classname="tests.unit.test_ratchet_move" name="test_move_repaths_one_exact_file_at_its_recorded_value" time="0.001" /><testcase classname="tests.unit.test_ratchet_move" name="test_follow_renames_moves_a_mark_whose_file_git_renamed" time="0.001" /><testcase classname="tests.unit.test_ratchet_move" name="test_a_directory_prefix_tolerates_a_missing_trailing_slash_on_the_target" time="0.001" /><testcase classname="tests.unit.test_ratchet_move" name="test_follow_renames_leaves_a_mark_when_the_function_is_absent_at_the_new_path" time="0.001" /><testcase classname="tests.unit.test_gitio_shallow" name="test_a_full_checkout_is_not_shallow" time="0.261" /><testcase classname="tests.unit.test_gitio_shallow" name="test_a_depth_one_clone_is_shallow" time="0.474" /><testcase classname="tests.unit.test_gitio_shallow" name="test_git_facts_asks_once_per_command" time="0.703" /><testcase classname="tests.unit.test_report_html" name="test_the_banner_shouts_which_lanes_are_stale" time="0.002" /><testcase classname="tests.unit.test_report_html" name="test_a_path_carrying_an_ampersand_stays_one_ampersand" time="0.001" /><testcase classname="tests.unit.test_report_html" name="test_the_report_paints_from_the_handbook_palette" time="0.002" /><testcase classname="tests.unit.test_report_html" name="test_a_run_behind_head_is_its_own_stale_banner" time="0.001" /><testcase classname="tests.unit.test_report_html" name="test_report_top_refuses_a_worklist_that_would_not_open" time="0.001" /><testcase classname="tests.unit.test_report_html" name="test_the_recorded_payload_renders_a_whole_html_document" time="0.001" /><testcase classname="tests.unit.test_report_html" name="test_the_recorded_shift_default_is_escaped_rather_than_parsed_as_a_tag" time="0.001" /><testcase classname="tests.unit.test_report_html" name="test_a_stale_banner_names_the_command_that_clears_it" time="0.002" /><testcase classname="tests.unit.test_report_html" name="test_a_row_no_run_scored_leaves_the_score_cells_empty" time="0.001" /><testcase classname="tests.unit.test_report_html" name="test_the_page_grades_every_scope_the_newest_trend_run_carries" time="0.001" /><testcase classname="tests.unit.test_report_html" name="test_the_rows_keep_the_risk_order_the_worklist_ranked_them_in" time="0.001" /><testcase classname="tests.unit.test_report_html" name="test_the_banner_is_quiet_when_every_lane_is_current" time="0.001" /><testcase classname="tests.unit.test_report_html" name="test_the_page_carries_one_row_per_recorded_worklist_entry" time="0.006" /><testcase classname="tests.unit.test_report_html" name="test_a_lane_note_is_escaped_in_the_banner" time="0.001" /><testcase classname="tests.unit.test_report_html" name="test_the_page_names_the_run_and_commit_it_was_built_from" time="0.001" /><testcase classname="tests.unit.test_report_html" name="test_every_row_prints_the_drill_down_command_for_its_function" time="0.001" /><testcase classname="tests.unit.test_report_html" name="test_report_top_takes_the_configured_worklist_top" time="0.001" /><testcase classname="tests.unit.test_report_html" name="test_the_worklist_table_carries_crap_and_cov_columns" time="0.001" /><testcase classname="tests.unit.test_report_html" name="test_the_page_carries_every_run_the_trend_series_holds" time="0.006" /><testcase classname="tests.unit.test_report_html" name="test_the_page_reads_in_both_colour_schemes" time="0.001" /><testcase classname="tests.unit.test_report_html" name="test_the_page_makes_no_network_request" time="0.001" /><testcase classname="tests.unit.test_report_html" name="test_the_page_states_how_many_rows_the_worklist_left_out" time="0.001" /><testcase classname="tests.unit.test_report_html" name="test_the_page_no_longer_claims_the_score_is_absent" time="0.001" /><testcase classname="tests.unit.test_report_html" name="test_a_scope_name_is_escaped_in_the_grades_table" time="0.001" /><testcase classname="tests.unit.test_report_html" name="test_a_function_name_cannot_close_the_cell_it_sits_in" time="0.001" /><testcase classname="tests.unit.test_report_html" name="test_a_repo_with_no_lanes_says_so_rather_than_claiming_freshness" time="0.001" /><testcase classname="tests.unit.test_explain_packet" name="test_history_json_gives_a_bodiless_commit_an_empty_body" time="0.335" /><testcase classname="tests.unit.test_explain_packet" name="test_a_span_git_refuses_to_log_prints_no_commit_lines" time="0.232" /><testcase classname="tests.unit.test_explain_packet" name="test_a_blank_body_line_prints_blank_instead_of_bare_indentation" time="0.437" /><testcase classname="tests.unit.test_explain_packet" name="test_history_text_indents_the_body_under_its_commit" time="0.625" /><testcase classname="tests.unit.test_explain_packet" name="test_the_score_history_is_one_read_per_match_not_one_per_run" time="0.278" /><testcase classname="tests.unit.test_explain_packet" name="test_json_carries_a_recorded_mark_as_the_number_it_is" time="0.386" /><testcase classname="tests.unit.test_explain_packet" name="test_history_json_carries_sha_date_subject_and_body" time="0.502" /><testcase classname="tests.unit.test_explain_packet" name="test_answered_dark_lines_print_joined_and_a_covered_span_prints_none" time="0.224" /><testcase classname="tests.unit.test_explain_packet" name="test_a_blank_line_inside_a_body_survives_into_json" time="0.435" /><testcase classname="tests.unit.test_explain_packet" name="test_a_commit_with_no_body_prints_the_one_line_it_always_printed" time="0.534" /><testcase classname="tests.unit.test_explain_packet" name="test_json_carries_the_ratchet_mark_and_says_when_there_is_no_file" time="0.321" /><testcase classname="tests.unit.test_explain_packet" name="test_json_is_one_object_at_schema_1_naming_what_was_asked" time="0.244" /><testcase classname="tests.unit.test_explain_packet" name="test_a_function_the_latest_run_dropped_reports_null_commits" time="0.263" /><testcase classname="tests.unit.test_explain_packet" name="test_the_no_context_guidance_line_is_byte_identical" time="0.243" /><testcase classname="tests.unit.test_explain_packet" name="test_a_span_git_refuses_to_log_reports_no_commits_rather_than_failing" time="0.170" /><testcase classname="tests.unit.test_explain_packet" name="test_the_dark_line_artifacts_load_once_for_every_match" time="0.282" /><testcase classname="tests.unit.test_explain_packet" name="test_the_mark_text_reads_the_same_as_it_always_did" time="0.233" /><testcase classname="tests.unit.test_explain_packet" name="test_the_ratchet_file_is_read_once_for_every_match" time="0.306" /><testcase classname="tests.unit.test_explain_packet" name="test_json_carries_one_entry_per_match_in_the_order_text_prints_them" time="0.240" /><testcase classname="tests.unit.test_explain_packet" name="test_json_carries_the_covering_tests_sorted" time="0.242" /><testcase classname="tests.unit.test_explain_packet" name="test_the_run_table_is_scanned_once_for_every_match" time="0.291" /><testcase classname="tests.unit.test_explain_packet" name="test_json_carries_the_scored_rows_across_runs" time="0.226" /><testcase classname="tests.unit.test_explain_packet" name="test_the_plain_text_output_is_byte_identical" time="0.291" /><testcase classname="tests.unit.test_explain_packet" name="test_answered_dark_lines_reach_json_as_a_list_with_no_note" time="0.290" /><testcase classname="tests.unit.test_explain_packet" name="test_an_exact_name_resolves_to_one_function_not_to_everything_holding_it" time="0.476" /><testcase classname="tests.unit.test_explain_packet" name="test_the_context_artifacts_are_parsed_once_for_every_match" time="0.219" /><testcase classname="tests.unit.test_explain_packet" name="test_a_function_the_latest_run_dropped_keeps_its_one_text_line" time="0.219" /><testcase classname="tests.unit.test_explain_packet" name="test_the_span_lookup_stays_one_targeted_query_per_match" time="0.154" /><testcase classname="tests.unit.test_explain_packet" name="test_the_repo_config_is_loaded_once_even_with_tests_attribution" time="0.163" /><testcase classname="tests.unit.test_explain_packet" name="test_an_unmarked_function_in_a_marked_repo_is_null_with_no_note" time="0.163" /><testcase classname="tests.unit.test_explain_packet" name="test_json_carries_the_no_context_note_instead_of_an_empty_list" time="0.224" /><testcase classname="tests.unit.test_explain_packet" name="test_json_carries_the_dark_lines_as_null_plus_the_reason" time="0.158" /><testcase classname="tests.unit.test_explain_packet" name="test_json_omits_the_sections_their_flags_did_not_ask_for" time="0.149" /><testcase classname="tests.unit.test_explain_packet" name="test_json_keys_are_sorted" time="0.147" /><testcase classname="tests.unit.test_mcp_server" name="test_a_repo_naming_no_directory_gets_the_no_config_answer_and_spawns_nothing" time="0.006" /><testcase classname="tests.unit.test_mcp_server" name="test_both_pages_list_explain_and_doctor_as_json_with_the_new_arguments[AGENTS.md]" time="0.001" /><testcase classname="tests.unit.test_mcp_server" name="test_tools_list_declares_required_from_the_positionals" time="0.001" /><testcase classname="tests.unit.test_mcp_server" name="test_explain_and_doctor_shell_to_json_like_the_other_tools" time="0.001" /><testcase classname="tests.unit.test_mcp_server" name="test_the_other_exits_stay_tool_errors[3-crapkit: no crapkit.toml at /repo]" time="0.007" /><testcase classname="tests.unit.test_mcp_server" name="test_a_wrong_type_is_named_in_the_tools_words[get_function_history-arguments4-history must be a boolean (got &quot;yes&quot;)]" time="0.006" /><testcase classname="tests.unit.test_mcp_server" name="test_exit_six_is_a_verdict_only_for_the_gate_tool" time="0.008" /><testcase classname="tests.unit.test_mcp_server" name="test_both_pages_state_the_refusal_contract[AGENTS.md]" time="0.001" /><testcase classname="tests.unit.test_mcp_server" name="test_gate_needs_a_path_and_takes_nothing_else" time="0.007" /><testcase classname="tests.unit.test_mcp_server" name="test_a_wrong_type_is_named_in_the_tools_words[list_coupled_files-arguments3-min_confidence must be a number (got &quot;high&quot;)]" time="0.007" /><testcase classname="tests.unit.test_mcp_server" name="test_the_other_exits_stay_tool_errors[4-crapkit: git failed]" time="0.006" /><testcase classname="tests.unit.test_mcp_server" name="test_the_agents_guide_no_longer_pins_the_stale_protocol_revision" time="0.001" /><testcase classname="tests.unit.test_mcp_server" name="test_params_null_arguments_null_and_a_null_positional_are_refusals" time="0.006" /><testcase classname="tests.unit.test_mcp_server" name="test_gate_maps_to_rescore_path_gate_json" time="0.001" /><testcase classname="tests.unit.test_mcp_server" name="test_a_breach_is_a_result_with_ok_false_not_a_tool_error" time="0.007" /><testcase classname="tests.unit.test_mcp_server" name="test_a_missing_positional_is_a_tool_error_and_the_next_request_is_answered" time="0.007" /><testcase classname="tests.unit.test_mcp_server" name="test_both_pages_state_the_refusal_contract[docs/agent-json.md]" time="0.001" /><testcase classname="tests.unit.test_mcp_server" name="test_a_wrong_type_is_named_in_the_tools_words[list_worklist-arguments0-top must be an integer (got &quot;three&quot;)]" time="0.006" /><testcase classname="tests.unit.test_mcp_server" name="test_a_wrong_type_is_named_in_the_tools_words[get_function_brief-arguments5-path must be a string (got 7)]" time="0.005" /><testcase classname="tests.unit.test_mcp_server" name="test_the_instructions_count_twelve_tools_and_name_the_gate" time="0.001" /><testcase classname="tests.unit.test_mcp_server" name="test_the_other_exits_stay_tool_errors[1-crapkit: no scored run in /repo - run `crapkit coverage` first]" time="0.005" /><testcase classname="tests.unit.test_mcp_server" name="test_an_undeclared_key_names_the_accepted_ones" time="0.005" /><testcase classname="tests.unit.test_mcp_server" name="test_gate_is_listed_with_a_required_path_and_the_read_only_annotations" time="0.001" /><testcase classname="tests.unit.test_mcp_server" name="test_the_other_exits_stay_tool_errors[5-crapkit: lizard is not installed]" time="0.005" /><testcase classname="tests.unit.test_mcp_server" name="test_both_pages_list_explain_and_doctor_as_json_with_the_new_arguments[docs/agent-json.md]" time="0.001" /><testcase classname="tests.unit.test_mcp_server" name="test_both_pages_list_the_gate_tool_beside_the_other_eleven[docs/agent-json.md]" time="0.001" /><testcase classname="tests.unit.test_mcp_server" name="test_an_escaped_exception_is_a_32603_reply_and_the_loop_continues" time="0.005" /><testcase classname="tests.unit.test_mcp_server" name="test_explain_history_and_tests_are_bare_flags_only_when_true" time="0.001" /><testcase classname="tests.unit.test_mcp_server" name="test_ping_answers_an_empty_result" time="0.005" /><testcase classname="tests.unit.test_mcp_server" name="test_a_clean_edit_is_a_result_with_ok_true" time="0.006" /><testcase classname="tests.unit.test_mcp_server" name="test_a_repo_below_the_root_spawns_the_cli_on_the_root_above_it" time="0.006" /><testcase classname="tests.unit.test_mcp_server" name="test_a_wrong_type_is_named_in_the_tools_words[get_next_item-arguments1-top must be an integer (got true)]" time="0.005" /><testcase classname="tests.unit.test_mcp_server" name="test_a_wrong_type_is_named_in_the_tools_words[get_next_item-arguments2-exclude must be an array of strings (got &quot;cli.py&quot;)]" time="0.006" /><testcase classname="tests.unit.test_mcp_server" name="test_a_non_object_frame_and_a_blank_line_get_no_reply" time="0.005" /><testcase classname="tests.unit.test_mcp_server" name="test_both_pages_list_the_gate_tool_beside_the_other_eleven[AGENTS.md]" time="0.024" /></testsuite></testsuites>