<?xml version="1.0" encoding="utf-8"?>
<testsuites>
  <testsuite name="pytest" errors="0" failures="0" skipped="1" tests="3" time="1902.774" timestamp="2026-08-27T02:41:07.552910+00:00" hostname="aurora">
    <testcase classname="tests.unit.test_grade" name="test_grade_bands" time="0.003" />
    <testcase classname="tests.unit.test_grade" name="test_grade_empty" time="0.002" />
    <testcase classname="tests.unit.test_slow" name="test_needs_network" time="0.001">
      <skipped type="pytest.skip" message="no network">/repo/tests/unit/test_slow.py:12: no network</skipped>
    </testcase>
  </testsuite>
</testsuites>
